Using pre-set license
Built from '2020.2/release' branch; Version is '2020.2.2f1 (068178b99f32) revision 426360'; Using compiler version '192528614'; Build Type 'Release'
OS: 'Windows 10 Home China; OS build 19041.804; Version 2004; 64bit' Language: 'zh' Physical Memory: 16333 MB
BatchMode: 1, IsHumanControllingUs: 0, StartBugReporterOnCrash: 0, Is64bit: 1, IsPro: 0

 COMMAND LINE ARGUMENTS:
F:\UnityHub\Unity\2020.2.2f1\Editor\Unity.exe
-adb2
-batchMode
-noUpm
-name
AssetImportWorker0
-projectPath
E:/Unity Udemy/UnityLearn/MultiPlayerFPS/MultiPlayerFPS
-logFile
Logs/AssetImportWorker0.log
-srvPort
10470
Successfully changed project path to: E:/Unity Udemy/UnityLearn/MultiPlayerFPS/MultiPlayerFPS
E:/Unity Udemy/UnityLearn/MultiPlayerFPS/MultiPlayerFPS
Using Asset Import Pipeline V2.
Refreshing native plugins compatible for Editor in 30.44 ms, found 0 plugins.
Preloading 0 native plugins for Editor in 0.00 ms.
Initialize engine version: 2020.2.2f1 (068178b99f32)
[Subsystems] Discovering subsystems at path F:/UnityHub/Unity/2020.2.2f1/Editor/Data/Resources/UnitySubsystems
[Subsystems] Discovering subsystems at path E:/Unity Udemy/UnityLearn/MultiPlayerFPS/MultiPlayerFPS/Assets
GfxDevice: creating device client; threaded=0
Direct3D:
    Version:  Direct3D 11.0 [level 11.1]
    Renderer: NVIDIA GeForce RTX 2070 SUPER (ID=0x1e84)
    Vendor:   
    VRAM:     8011 MB
    Driver:   27.21.14.6140
Initialize mono
Mono path[0] = 'F:/UnityHub/Unity/2020.2.2f1/Editor/Data/Managed'
Mono path[1] = 'F:/UnityHub/Unity/2020.2.2f1/Editor/Data/MonoBleedingEdge/lib/mono/unityjit'
Mono config path = 'F:/UnityHub/Unity/2020.2.2f1/Editor/Data/MonoBleedingEdge/etc'
Using monoOptions --debugger-agent=transport=dt_socket,embedding=1,server=y,suspend=n,address=127.0.0.1:56860
Begin MonoManager ReloadAssembly
Registering precompiled unity dll's ...
Register platform support module: F:/UnityHub/Unity/2020.2.2f1/Editor/Data/PlaybackEngines/WindowsStandaloneSupport/UnityEditor.WindowsStandalone.Extensions.dll
Registered in 0.002922 seconds.
Native extension for WindowsStandalone target not found
Refreshing native plugins compatible for Editor in 28.63 ms, found 0 plugins.
Preloading 0 native plugins for Editor in 0.00 ms.
Invoked RoslynAnalysisRunner static constructor.
RoslynAnalysisRunner will not be running.
RoslynAnalysisRunner has terminated.
Mono: successfully reloaded assembly
- Completed reload, in  0.960 seconds
Platform modules already initialized, skipping
Registering precompiled user dll's ...
Registered in 0.001670 seconds.
Begin MonoManager ReloadAssembly
Native extension for WindowsStandalone target not found
Refreshing native plugins compatible for Editor in 0.37 ms, found 0 plugins.
Preloading 0 native plugins for Editor in 0.00 ms.
Invoked RoslynAnalysisRunner static constructor.
RoslynAnalysisRunner will not be running.
RoslynAnalysisRunner has terminated.
Mono: successfully reloaded assembly
- Completed reload, in  0.726 seconds
Platform modules already initialized, skipping
========================================================================
Worker process is ready to serve import requests
Launched and connected shader compiler UnityShaderCompiler.exe after 0.03 seconds
Refreshing native plugins compatible for Editor in 0.38 ms, found 0 plugins.
Preloading 0 native plugins for Editor in 0.00 ms.
Unloading 1377 Unused Serialized files (Serialized files now loaded: 0)
System memory in use before: 89.0 MB.
System memory in use after: 88.7 MB.

Unloading 16 unused Assets to reduce memory usage. Loaded Objects now: 1834.
Total: 1.878800 ms (FindLiveObjects: 0.223200 ms CreateObjectMapping: 0.033800 ms MarkObjects: 1.345500 ms  DeleteObjects: 0.275200 ms)

========================================================================
Received Import Request.
  path: Assets/Scripts/WeaponManager.cs
  artifactKey: Guid(52b597212d8a58e43b89e47d8b28b9ea) Importer(815301076,1909f56bfc062723c751e8b465ee728b)
Start importing Assets/Scripts/WeaponManager.cs using Guid(52b597212d8a58e43b89e47d8b28b9ea) Importer(815301076,1909f56bfc062723c751e8b465ee728b)  -> (artifact id: 'dac55a95b177c210a40a1ca8d9d46c98') in 0.109571 seconds
  Import took 0.111959 seconds .

========================================================================
Received Import Request.
  Time since last request: 191.212298 seconds.
  path: Assets/Prefab/Flare.prefab
  artifactKey: Guid(27f60ac9650b1be44af1da104a7a0751) Importer(815301076,1909f56bfc062723c751e8b465ee728b)
Start importing Assets/Prefab/Flare.prefab using Guid(27f60ac9650b1be44af1da104a7a0751) Importer(815301076,1909f56bfc062723c751e8b465ee728b)  -> (artifact id: '43a53ab253cc15293f5c14ca5bfe2db2') in 0.028657 seconds
  Import took 0.031473 seconds .

========================================================================
Received Import Request.
  Time since last request: 0.001196 seconds.
  path: Assets/Prefab/Flare.prefab
  artifactKey: Guid(27f60ac9650b1be44af1da104a7a0751) Importer(815301076,1909f56bfc062723c751e8b465ee728b)
Start importing Assets/Prefab/Flare.prefab using Guid(27f60ac9650b1be44af1da104a7a0751) Importer(815301076,1909f56bfc062723c751e8b465ee728b)  -> (artifact id: '43a53ab253cc15293f5c14ca5bfe2db2') in 0.003510 seconds
  Import took 0.005323 seconds .

========================================================================
Received Import Request.
  Time since last request: 22.365205 seconds.
  path: Assets/Prefab/Sci-Fi Automatic.prefab
  artifactKey: Guid(3b560cb6113cdc443870562ba8e8543e) Importer(815301076,1909f56bfc062723c751e8b465ee728b)
Start importing Assets/Prefab/Sci-Fi Automatic.prefab using Guid(3b560cb6113cdc443870562ba8e8543e) Importer(815301076,1909f56bfc062723c751e8b465ee728b)  -> (artifact id: '16a54f9d30d65a813c8d6cfaab54e502') in 0.095563 seconds
  Import took 0.099764 seconds .

========================================================================
Received Import Request.
  Time since last request: 3.501305 seconds.
  path: Assets/Prefab/Sci-Fi Automatic.prefab
  artifactKey: Guid(3b560cb6113cdc443870562ba8e8543e) Importer(815301076,1909f56bfc062723c751e8b465ee728b)
Start importing Assets/Prefab/Sci-Fi Automatic.prefab using Guid(3b560cb6113cdc443870562ba8e8543e) Importer(815301076,1909f56bfc062723c751e8b465ee728b)  -> (artifact id: '784cd9ade9021df15856d20471f873f7') in 0.037657 seconds
  Import took 0.042457 seconds .

========================================================================
Received Import Request.
  Time since last request: 8.831207 seconds.
  path: Assets/Prefab/Sci-Fi Automatic.prefab
  artifactKey: Guid(3b560cb6113cdc443870562ba8e8543e) Importer(815301076,1909f56bfc062723c751e8b465ee728b)
Start importing Assets/Prefab/Sci-Fi Automatic.prefab using Guid(3b560cb6113cdc443870562ba8e8543e) Importer(815301076,1909f56bfc062723c751e8b465ee728b)  -> (artifact id: '0ed924d3e86aa30230140fdd51296984') in 0.041933 seconds
  Import took 0.046544 seconds .

========================================================================
Received Import Request.
  Time since last request: 0.957690 seconds.
  path: Assets/Prefab/Sci-Fi Automatic.prefab
  artifactKey: Guid(3b560cb6113cdc443870562ba8e8543e) Importer(815301076,1909f56bfc062723c751e8b465ee728b)
Start importing Assets/Prefab/Sci-Fi Automatic.prefab using Guid(3b560cb6113cdc443870562ba8e8543e) Importer(815301076,1909f56bfc062723c751e8b465ee728b)  -> (artifact id: 'ca686e71083bf6cb84bd948ad9b4ac1b') in 0.033791 seconds
  Import took 0.038132 seconds .

========================================================================
Received Import Request.
  Time since last request: 8.815751 seconds.
  path: Assets/Prefab/Sci-Fi Automatic.prefab
  artifactKey: Guid(3b560cb6113cdc443870562ba8e8543e) Importer(815301076,1909f56bfc062723c751e8b465ee728b)
Start importing Assets/Prefab/Sci-Fi Automatic.prefab using Guid(3b560cb6113cdc443870562ba8e8543e) Importer(815301076,1909f56bfc062723c751e8b465ee728b)  -> (artifact id: '1eb2cc27544b3c102f9eaf109b94cdad') in 0.035663 seconds
  Import took 0.040380 seconds .

========================================================================
Received Import Request.
  Time since last request: 3.550841 seconds.
  path: Assets/Prefab/Sci-Fi Automatic.prefab
  artifactKey: Guid(3b560cb6113cdc443870562ba8e8543e) Importer(815301076,1909f56bfc062723c751e8b465ee728b)
Start importing Assets/Prefab/Sci-Fi Automatic.prefab using Guid(3b560cb6113cdc443870562ba8e8543e) Importer(815301076,1909f56bfc062723c751e8b465ee728b)  -> (artifact id: '512e1c0fbabbfc4752f7119f94718a79') in 0.036574 seconds
  Import took 0.041070 seconds .

========================================================================
Received Import Request.
  Time since last request: 7.038336 seconds.
  path: Assets/Prefab/Sci-Fi Automatic.prefab
  artifactKey: Guid(3b560cb6113cdc443870562ba8e8543e) Importer(815301076,1909f56bfc062723c751e8b465ee728b)
Start importing Assets/Prefab/Sci-Fi Automatic.prefab using Guid(3b560cb6113cdc443870562ba8e8543e) Importer(815301076,1909f56bfc062723c751e8b465ee728b)  -> (artifact id: 'cf35b8d60d22dda764043095fa4168cf') in 0.043965 seconds
  Import took 0.048759 seconds .

========================================================================
Received Import Request.
  Time since last request: 6.957074 seconds.
  path: Assets/Prefab/Sci-Fi Automatic.prefab
  artifactKey: Guid(3b560cb6113cdc443870562ba8e8543e) Importer(815301076,1909f56bfc062723c751e8b465ee728b)
Start importing Assets/Prefab/Sci-Fi Automatic.prefab using Guid(3b560cb6113cdc443870562ba8e8543e) Importer(815301076,1909f56bfc062723c751e8b465ee728b)  -> (artifact id: 'aac31f72ea3ea08fbff4a5fb68b1a1dd') in 0.036897 seconds
  Import took 0.041405 seconds .

========================================================================
Received Import Request.
  Time since last request: 8.724754 seconds.
  path: Assets/Prefab/Sci-Fi Automatic.prefab
  artifactKey: Guid(3b560cb6113cdc443870562ba8e8543e) Importer(815301076,1909f56bfc062723c751e8b465ee728b)
Start importing Assets/Prefab/Sci-Fi Automatic.prefab using Guid(3b560cb6113cdc443870562ba8e8543e) Importer(815301076,1909f56bfc062723c751e8b465ee728b)  -> (artifact id: 'd304fabec83429e669540b6fb02f019f') in 0.036692 seconds
  Import took 0.041378 seconds .

========================================================================
Received Import Request.
  Time since last request: 20.310128 seconds.
  path: Assets/Prefab/Sci-Fi Automatic.prefab
  artifactKey: Guid(3b560cb6113cdc443870562ba8e8543e) Importer(815301076,1909f56bfc062723c751e8b465ee728b)
Start importing Assets/Prefab/Sci-Fi Automatic.prefab using Guid(3b560cb6113cdc443870562ba8e8543e) Importer(815301076,1909f56bfc062723c751e8b465ee728b)  -> (artifact id: 'cc3a43a482ce790c71d9e76c9374fe67') in 0.035469 seconds
  Import took 0.040088 seconds .

========================================================================
Received Import Request.
  Time since last request: 4.201740 seconds.
  path: Assets/Prefab/Sci-Fi Automatic.prefab
  artifactKey: Guid(3b560cb6113cdc443870562ba8e8543e) Importer(815301076,1909f56bfc062723c751e8b465ee728b)
Start importing Assets/Prefab/Sci-Fi Automatic.prefab using Guid(3b560cb6113cdc443870562ba8e8543e) Importer(815301076,1909f56bfc062723c751e8b465ee728b)  -> (artifact id: '259e8559ccc79e40a3838f14b01ad68c') in 0.032905 seconds
  Import took 0.037848 seconds .

========================================================================
Received Import Request.
  Time since last request: 23.543274 seconds.
  path: Assets/Prefab/Sci-Fi Automatic.prefab
  artifactKey: Guid(3b560cb6113cdc443870562ba8e8543e) Importer(815301076,1909f56bfc062723c751e8b465ee728b)
Start importing Assets/Prefab/Sci-Fi Automatic.prefab using Guid(3b560cb6113cdc443870562ba8e8543e) Importer(815301076,1909f56bfc062723c751e8b465ee728b)  -> (artifact id: '261ae2cda5a9d0e87af206f401898fbc') in 0.035183 seconds
  Import took 0.039740 seconds .

========================================================================
Received Import Request.
  Time since last request: 16.751440 seconds.
  path: Assets/Prefab/Sci-Fi Automatic.prefab
  artifactKey: Guid(3b560cb6113cdc443870562ba8e8543e) Importer(815301076,1909f56bfc062723c751e8b465ee728b)
Start importing Assets/Prefab/Sci-Fi Automatic.prefab using Guid(3b560cb6113cdc443870562ba8e8543e) Importer(815301076,1909f56bfc062723c751e8b465ee728b)  -> (artifact id: '2e078a2a7531036d2d6ab4cd21efdfbb') in 0.037519 seconds
  Import took 0.042458 seconds .

========================================================================
Received Import Request.
  Time since last request: 40.080274 seconds.
  path: Assets/Prefab/Sci-Fi Automatic.prefab
  artifactKey: Guid(3b560cb6113cdc443870562ba8e8543e) Importer(815301076,1909f56bfc062723c751e8b465ee728b)
Start importing Assets/Prefab/Sci-Fi Automatic.prefab using Guid(3b560cb6113cdc443870562ba8e8543e) Importer(815301076,1909f56bfc062723c751e8b465ee728b)  -> (artifact id: '2f06ecf086a6d70776b07723914d3f7a') in 0.036467 seconds
  Import took 0.041067 seconds .

========================================================================
Received Import Request.
  Time since last request: 3.179397 seconds.
  path: Assets/Prefab/Sci-Fi Automatic.prefab
  artifactKey: Guid(3b560cb6113cdc443870562ba8e8543e) Importer(815301076,1909f56bfc062723c751e8b465ee728b)
Start importing Assets/Prefab/Sci-Fi Automatic.prefab using Guid(3b560cb6113cdc443870562ba8e8543e) Importer(815301076,1909f56bfc062723c751e8b465ee728b)  -> (artifact id: '81c3e9546cdd6fdad442f07fcf892114') in 0.034744 seconds
  Import took 0.039591 seconds .

========================================================================
Received Import Request.
  Time since last request: 9.028217 seconds.
  path: Assets/Prefab/Sci-Fi Automatic.prefab
  artifactKey: Guid(3b560cb6113cdc443870562ba8e8543e) Importer(815301076,1909f56bfc062723c751e8b465ee728b)
Start importing Assets/Prefab/Sci-Fi Automatic.prefab using Guid(3b560cb6113cdc443870562ba8e8543e) Importer(815301076,1909f56bfc062723c751e8b465ee728b)  -> (artifact id: '54de657affbbc7257634c55287a2b1ca') in 0.037342 seconds
  Import took 0.042248 seconds .

========================================================================
Received Import Request.
  Time since last request: 23.551130 seconds.
  path: Assets/Prefab/Sci-Fi Automatic.prefab
  artifactKey: Guid(3b560cb6113cdc443870562ba8e8543e) Importer(815301076,1909f56bfc062723c751e8b465ee728b)
Start importing Assets/Prefab/Sci-Fi Automatic.prefab using Guid(3b560cb6113cdc443870562ba8e8543e) Importer(815301076,1909f56bfc062723c751e8b465ee728b)  -> (artifact id: 'b2d7a5e5bee5f818169d97a13861a892') in 0.035734 seconds
  Import took 0.040977 seconds .

========================================================================
Received Import Request.
  Time since last request: 19.508497 seconds.
  path: Assets/Prefab/Sci-Fi Automatic.prefab
  artifactKey: Guid(3b560cb6113cdc443870562ba8e8543e) Importer(815301076,1909f56bfc062723c751e8b465ee728b)
Start importing Assets/Prefab/Sci-Fi Automatic.prefab using Guid(3b560cb6113cdc443870562ba8e8543e) Importer(815301076,1909f56bfc062723c751e8b465ee728b)  -> (artifact id: '1b31810e10ad0879f9e2b077b19df674') in 0.035824 seconds
  Import took 0.040444 seconds .

========================================================================
Received Import Request.
  Time since last request: 22.934037 seconds.
  path: Assets/Prefab/Sci-Fi Automatic.prefab
  artifactKey: Guid(3b560cb6113cdc443870562ba8e8543e) Importer(815301076,1909f56bfc062723c751e8b465ee728b)
Start importing Assets/Prefab/Sci-Fi Automatic.prefab using Guid(3b560cb6113cdc443870562ba8e8543e) Importer(815301076,1909f56bfc062723c751e8b465ee728b)  -> (artifact id: 'e214fa680e412088f7e743db41daecfd') in 0.034814 seconds
  Import took 0.039799 seconds .

========================================================================
Received Import Request.
  Time since last request: 9.926803 seconds.
  path: Assets/Prefab/Sci-Fi Automatic.prefab
  artifactKey: Guid(3b560cb6113cdc443870562ba8e8543e) Importer(815301076,1909f56bfc062723c751e8b465ee728b)
Start importing Assets/Prefab/Sci-Fi Automatic.prefab using Guid(3b560cb6113cdc443870562ba8e8543e) Importer(815301076,1909f56bfc062723c751e8b465ee728b)  -> (artifact id: 'e8b35938234babe9e954626307a17d54') in 0.036953 seconds
  Import took 0.041412 seconds .

========================================================================
Received Import Request.
  Time since last request: 8.419879 seconds.
  path: Assets/Prefab/Sci-Fi Automatic.prefab
  artifactKey: Guid(3b560cb6113cdc443870562ba8e8543e) Importer(815301076,1909f56bfc062723c751e8b465ee728b)
Start importing Assets/Prefab/Sci-Fi Automatic.prefab using Guid(3b560cb6113cdc443870562ba8e8543e) Importer(815301076,1909f56bfc062723c751e8b465ee728b)  -> (artifact id: '8b3798781250bddaa37149b541e47cff') in 0.035820 seconds
  Import took 0.040397 seconds .

========================================================================
Received Import Request.
  Time since last request: 8.643921 seconds.
  path: Assets/Prefab/Sci-Fi Automatic.prefab
  artifactKey: Guid(3b560cb6113cdc443870562ba8e8543e) Importer(815301076,1909f56bfc062723c751e8b465ee728b)
Start importing Assets/Prefab/Sci-Fi Automatic.prefab using Guid(3b560cb6113cdc443870562ba8e8543e) Importer(815301076,1909f56bfc062723c751e8b465ee728b)  -> (artifact id: '18e6e6dd8db05a8848b7ebac71a6c645') in 0.035353 seconds
  Import took 0.039955 seconds .

========================================================================
Received Import Request.
  Time since last request: 17.756819 seconds.
  path: Assets/Prefab/Sci-Fi Automatic.prefab
  artifactKey: Guid(3b560cb6113cdc443870562ba8e8543e) Importer(815301076,1909f56bfc062723c751e8b465ee728b)
Start importing Assets/Prefab/Sci-Fi Automatic.prefab using Guid(3b560cb6113cdc443870562ba8e8543e) Importer(815301076,1909f56bfc062723c751e8b465ee728b)  -> (artifact id: '263e83c8bbc56c47f29ea90aae62eeeb') in 0.033610 seconds
  Import took 0.038000 seconds .

========================================================================
Received Import Request.
  Time since last request: 3.585837 seconds.
  path: Assets/Prefab/Sci-Fi Automatic.prefab
  artifactKey: Guid(3b560cb6113cdc443870562ba8e8543e) Importer(815301076,1909f56bfc062723c751e8b465ee728b)
Start importing Assets/Prefab/Sci-Fi Automatic.prefab using Guid(3b560cb6113cdc443870562ba8e8543e) Importer(815301076,1909f56bfc062723c751e8b465ee728b)  -> (artifact id: '7eeafc6e7771bdad20e23310ad61a0d8') in 0.034671 seconds
  Import took 0.039099 seconds .

========================================================================
Received Import Request.
  Time since last request: 25.583244 seconds.
  path: Assets/Prefab/Sci-Fi Automatic.prefab
  artifactKey: Guid(3b560cb6113cdc443870562ba8e8543e) Importer(815301076,1909f56bfc062723c751e8b465ee728b)
Start importing Assets/Prefab/Sci-Fi Automatic.prefab using Guid(3b560cb6113cdc443870562ba8e8543e) Importer(815301076,1909f56bfc062723c751e8b465ee728b)  -> (artifact id: 'a897ebd132cc24c43b7696fd7e92e3ee') in 0.036015 seconds
  Import took 0.040703 seconds .

========================================================================
Received Import Request.
  Time since last request: 24.597856 seconds.
  path: Assets/Prefab/Sci-Fi Automatic.prefab
  artifactKey: Guid(3b560cb6113cdc443870562ba8e8543e) Importer(815301076,1909f56bfc062723c751e8b465ee728b)
Start importing Assets/Prefab/Sci-Fi Automatic.prefab using Guid(3b560cb6113cdc443870562ba8e8543e) Importer(815301076,1909f56bfc062723c751e8b465ee728b)  -> (artifact id: 'd351a93165ee80907cbe14734be221d2') in 0.035074 seconds
  Import took 0.039616 seconds .

========================================================================
Received Import Request.
  Time since last request: 2.369939 seconds.
  path: Assets/Prefab/Sci-Fi Automatic.prefab
  artifactKey: Guid(3b560cb6113cdc443870562ba8e8543e) Importer(815301076,1909f56bfc062723c751e8b465ee728b)
Start importing Assets/Prefab/Sci-Fi Automatic.prefab using Guid(3b560cb6113cdc443870562ba8e8543e) Importer(815301076,1909f56bfc062723c751e8b465ee728b)  -> (artifact id: 'f70cbdc8da1c19a512ad40004877a03c') in 0.035776 seconds
  Import took 0.040457 seconds .

========================================================================
Received Import Request.
  Time since last request: 7.000857 seconds.
  path: Assets/Prefab/Sci-Fi Automatic.prefab
  artifactKey: Guid(3b560cb6113cdc443870562ba8e8543e) Importer(815301076,1909f56bfc062723c751e8b465ee728b)
Start importing Assets/Prefab/Sci-Fi Automatic.prefab using Guid(3b560cb6113cdc443870562ba8e8543e) Importer(815301076,1909f56bfc062723c751e8b465ee728b)  -> (artifact id: '5a341e62bfce986919466814c804cedf') in 0.036809 seconds
  Import took 0.041578 seconds .

========================================================================
Received Import Request.
  Time since last request: 10.639604 seconds.
  path: Assets/Prefab/Sci-Fi Automatic.prefab
  artifactKey: Guid(3b560cb6113cdc443870562ba8e8543e) Importer(815301076,1909f56bfc062723c751e8b465ee728b)
Start importing Assets/Prefab/Sci-Fi Automatic.prefab using Guid(3b560cb6113cdc443870562ba8e8543e) Importer(815301076,1909f56bfc062723c751e8b465ee728b)  -> (artifact id: '6035d7ed87df78f238b0a8fd9059ad4d') in 0.035504 seconds
  Import took 0.040024 seconds .

========================================================================
Received Import Request.
  Time since last request: 36.625742 seconds.
  path: Assets/Prefab/Sci-Fi Automatic.prefab
  artifactKey: Guid(3b560cb6113cdc443870562ba8e8543e) Importer(815301076,1909f56bfc062723c751e8b465ee728b)
Start importing Assets/Prefab/Sci-Fi Automatic.prefab using Guid(3b560cb6113cdc443870562ba8e8543e) Importer(815301076,1909f56bfc062723c751e8b465ee728b)  -> (artifact id: '9fb0310dc9a91b5f521aab98d7d3ee51') in 0.037429 seconds
  Import took 0.041874 seconds .

========================================================================
Received Import Request.
  Time since last request: 25.429306 seconds.
  path: Assets/Prefab/Sci-Fi Automatic.prefab
  artifactKey: Guid(3b560cb6113cdc443870562ba8e8543e) Importer(815301076,1909f56bfc062723c751e8b465ee728b)
Start importing Assets/Prefab/Sci-Fi Automatic.prefab using Guid(3b560cb6113cdc443870562ba8e8543e) Importer(815301076,1909f56bfc062723c751e8b465ee728b)  -> (artifact id: '8f6c7ec47771b592e3b5b0e939b2b716') in 0.036545 seconds
  Import took 0.041406 seconds .

========================================================================
Received Import Request.
  Time since last request: 0.152559 seconds.
  path: Assets/Prefab/Sci-Fi Automatic.prefab
  artifactKey: Guid(3b560cb6113cdc443870562ba8e8543e) Importer(815301076,1909f56bfc062723c751e8b465ee728b)
Start importing Assets/Prefab/Sci-Fi Automatic.prefab using Guid(3b560cb6113cdc443870562ba8e8543e) Importer(815301076,1909f56bfc062723c751e8b465ee728b)  -> (artifact id: 'afd217848016f4141e4ee2d33d6fafa8') in 0.033782 seconds
  Import took 0.038422 seconds .

========================================================================
Received Import Request.
  Time since last request: 8.240170 seconds.
  path: Assets/Prefab/Sci-Fi Automatic.prefab
  artifactKey: Guid(3b560cb6113cdc443870562ba8e8543e) Importer(815301076,1909f56bfc062723c751e8b465ee728b)
Start importing Assets/Prefab/Sci-Fi Automatic.prefab using Guid(3b560cb6113cdc443870562ba8e8543e) Importer(815301076,1909f56bfc062723c751e8b465ee728b)  -> (artifact id: '7d177eda712be2e8c4f5ccae70a5ad30') in 0.036088 seconds
  Import took 0.040722 seconds .

========================================================================
Received Import Request.
  Time since last request: 0.770128 seconds.
  path: Assets/Prefab/Sci-Fi Automatic.prefab
  artifactKey: Guid(3b560cb6113cdc443870562ba8e8543e) Importer(815301076,1909f56bfc062723c751e8b465ee728b)
Start importing Assets/Prefab/Sci-Fi Automatic.prefab using Guid(3b560cb6113cdc443870562ba8e8543e) Importer(815301076,1909f56bfc062723c751e8b465ee728b)  -> (artifact id: '704c8a5bc325f12d7b55c6eb00003945') in 0.035150 seconds
  Import took 0.039810 seconds .

========================================================================
Received Import Request.
  Time since last request: 8.411951 seconds.
  path: Assets/Prefab/Sci-Fi Automatic.prefab
  artifactKey: Guid(3b560cb6113cdc443870562ba8e8543e) Importer(815301076,1909f56bfc062723c751e8b465ee728b)
Start importing Assets/Prefab/Sci-Fi Automatic.prefab using Guid(3b560cb6113cdc443870562ba8e8543e) Importer(815301076,1909f56bfc062723c751e8b465ee728b)  -> (artifact id: '73519436992dcaac22c6037eba7f150a') in 0.032995 seconds
  Import took 0.037866 seconds .

========================================================================
Received Import Request.
  Time since last request: 1.770372 seconds.
  path: Assets/Prefab/Sci-Fi Automatic.prefab
  artifactKey: Guid(3b560cb6113cdc443870562ba8e8543e) Importer(815301076,1909f56bfc062723c751e8b465ee728b)
Start importing Assets/Prefab/Sci-Fi Automatic.prefab using Guid(3b560cb6113cdc443870562ba8e8543e) Importer(815301076,1909f56bfc062723c751e8b465ee728b)  -> (artifact id: '3032c3c5a68ddc662862c0530b039957') in 0.034296 seconds
  Import took 0.038880 seconds .

========================================================================
Received Import Request.
  Time since last request: 8.444350 seconds.
  path: Assets/Prefab/Sci-Fi Automatic.prefab
  artifactKey: Guid(3b560cb6113cdc443870562ba8e8543e) Importer(815301076,1909f56bfc062723c751e8b465ee728b)
Start importing Assets/Prefab/Sci-Fi Automatic.prefab using Guid(3b560cb6113cdc443870562ba8e8543e) Importer(815301076,1909f56bfc062723c751e8b465ee728b)  -> (artifact id: '667970acc7ceea1bc85923aa6a3fe98b') in 0.034148 seconds
  Import took 0.038905 seconds .

========================================================================
Received Import Request.
  Time since last request: 11.034459 seconds.
  path: Assets/Prefab/Sci-Fi Automatic.prefab
  artifactKey: Guid(3b560cb6113cdc443870562ba8e8543e) Importer(815301076,1909f56bfc062723c751e8b465ee728b)
Start importing Assets/Prefab/Sci-Fi Automatic.prefab using Guid(3b560cb6113cdc443870562ba8e8543e) Importer(815301076,1909f56bfc062723c751e8b465ee728b)  -> (artifact id: 'af8de081cd65436ccf200ed40405eabc') in 0.034854 seconds
  Import took 0.039920 seconds .

========================================================================
Received Prepare
Registering precompiled user dll's ...
Registered in 0.001670 seconds.
Begin MonoManager ReloadAssembly
Native extension for WindowsStandalone target not found
Refreshing native plugins compatible for Editor in 0.37 ms, found 0 plugins.
Preloading 0 native plugins for Editor in 0.00 ms.
Invoked RoslynAnalysisRunner static constructor.
RoslynAnalysisRunner will not be running.
RoslynAnalysisRunner has terminated.
Mono: successfully reloaded assembly
- Completed reload, in  0.661 seconds
Platform modules already initialized, skipping
Refreshing native plugins compatible for Editor in 0.34 ms, found 0 plugins.
Preloading 0 native plugins for Editor in 0.00 ms.
Unloading 1354 Unused Serialized files (Serialized files now loaded: 0)
System memory in use before: 91.7 MB.
System memory in use after: 91.4 MB.

Unloading 11 unused Assets to reduce memory usage. Loaded Objects now: 1845.
Total: 1.733500 ms (FindLiveObjects: 0.193100 ms CreateObjectMapping: 0.033800 ms MarkObjects: 1.262800 ms  DeleteObjects: 0.242900 ms)

========================================================================
Received Import Request.
  Time since last request: 462.132760 seconds.
  path: Assets/Prefab/Sci-Fi Automatic.prefab
  artifactKey: Guid(3b560cb6113cdc443870562ba8e8543e) Importer(815301076,1909f56bfc062723c751e8b465ee728b)
Start importing Assets/Prefab/Sci-Fi Automatic.prefab using Guid(3b560cb6113cdc443870562ba8e8543e) Importer(815301076,1909f56bfc062723c751e8b465ee728b)  -> (artifact id: '3d6ed1aa41da99b24bb0bed88f16d0f8') in 0.074399 seconds
  Import took 0.078782 seconds .

========================================================================
Received Prepare
Registering precompiled user dll's ...
Registered in 0.001685 seconds.
Begin MonoManager ReloadAssembly
Native extension for WindowsStandalone target not found
Refreshing native plugins compatible for Editor in 0.37 ms, found 0 plugins.
Preloading 0 native plugins for Editor in 0.00 ms.
Invoked RoslynAnalysisRunner static constructor.
RoslynAnalysisRunner will not be running.
RoslynAnalysisRunner has terminated.
Mono: successfully reloaded assembly
- Completed reload, in  0.652 seconds
Platform modules already initialized, skipping
Refreshing native plugins compatible for Editor in 0.34 ms, found 0 plugins.
Preloading 0 native plugins for Editor in 0.00 ms.
Unloading 1354 Unused Serialized files (Serialized files now loaded: 0)
System memory in use before: 91.7 MB.
System memory in use after: 91.4 MB.

Unloading 11 unused Assets to reduce memory usage. Loaded Objects now: 1848.
Total: 1.831800 ms (FindLiveObjects: 0.203400 ms CreateObjectMapping: 0.033600 ms MarkObjects: 1.303400 ms  DeleteObjects: 0.290400 ms)

========================================================================
Received Import Request.
  Time since last request: 63.125589 seconds.
  path: Assets/Prefab/Sci-Fi Automatic.prefab
  artifactKey: Guid(3b560cb6113cdc443870562ba8e8543e) Importer(815301076,1909f56bfc062723c751e8b465ee728b)
Start importing Assets/Prefab/Sci-Fi Automatic.prefab using Guid(3b560cb6113cdc443870562ba8e8543e) Importer(815301076,1909f56bfc062723c751e8b465ee728b)  -> (artifact id: '65fbe3a94ea31bbbeecc91488a2cdad1') in 0.073429 seconds
  Import took 0.077710 seconds .

========================================================================
Received Import Request.
  Time since last request: 32.395858 seconds.
  path: Assets/Prefab/Sci-Fi Automatic.prefab
  artifactKey: Guid(3b560cb6113cdc443870562ba8e8543e) Importer(815301076,1909f56bfc062723c751e8b465ee728b)
Start importing Assets/Prefab/Sci-Fi Automatic.prefab using Guid(3b560cb6113cdc443870562ba8e8543e) Importer(815301076,1909f56bfc062723c751e8b465ee728b)  -> (artifact id: '3e46f57ce924fe24160607f322270e55') in 0.036243 seconds
  Import took 0.041115 seconds .

========================================================================
Received Import Request.
  Time since last request: 15.195378 seconds.
  path: Assets/Weapons/Sci-Fi Automatic/NewGrip.mat
  artifactKey: Guid(fa379336ce8a648419f822c2bff543d1) Importer(815301076,1909f56bfc062723c751e8b465ee728b)
Start importing Assets/Weapons/Sci-Fi Automatic/NewGrip.mat using Guid(fa379336ce8a648419f822c2bff543d1) Importer(815301076,1909f56bfc062723c751e8b465ee728b)  -> (artifact id: 'e35d7ac558e9b37c9bc7416f27807b9e') in 0.036085 seconds
  Import took 0.039373 seconds .

========================================================================
Received Import Request.
  Time since last request: 0.000182 seconds.
  path: Assets/Weapons/Sci-Fi Automatic/NewMagazine.mat
  artifactKey: Guid(104f3cdbc9163074084bf2c30cae4f55) Importer(815301076,1909f56bfc062723c751e8b465ee728b)
Start importing Assets/Weapons/Sci-Fi Automatic/NewMagazine.mat using Guid(104f3cdbc9163074084bf2c30cae4f55) Importer(815301076,1909f56bfc062723c751e8b465ee728b)  -> (artifact id: '3a662ee8e36893912606eff2bcacd39c') in 0.045104 seconds
  Import took 0.047600 seconds .

========================================================================
Received Import Request.
  Time since last request: 0.000152 seconds.
  path: Assets/Weapons/Sci-Fi Automatic/NewMain.mat
  artifactKey: Guid(abd66948cb62c234c993938d7475f859) Importer(815301076,1909f56bfc062723c751e8b465ee728b)
Start importing Assets/Weapons/Sci-Fi Automatic/NewMain.mat using Guid(abd66948cb62c234c993938d7475f859) Importer(815301076,1909f56bfc062723c751e8b465ee728b)  -> (artifact id: '48f6787d3c3130574f4131dc00d06465') in 0.024339 seconds
  Import took 0.026835 seconds .

========================================================================
Received Prepare
Registering precompiled user dll's ...
Registered in 0.001620 seconds.
Begin MonoManager ReloadAssembly
Native extension for WindowsStandalone target not found
Refreshing native plugins compatible for Editor in 0.33 ms, found 0 plugins.
Preloading 0 native plugins for Editor in 0.00 ms.
Invoked RoslynAnalysisRunner static constructor.
RoslynAnalysisRunner will not be running.
RoslynAnalysisRunner has terminated.
Mono: successfully reloaded assembly
- Completed reload, in  0.674 seconds
Platform modules already initialized, skipping
Refreshing native plugins compatible for Editor in 0.35 ms, found 0 plugins.
Preloading 0 native plugins for Editor in 0.00 ms.
Unloading 1354 Unused Serialized files (Serialized files now loaded: 0)
System memory in use before: 91.9 MB.
System memory in use after: 91.7 MB.

Unloading 11 unused Assets to reduce memory usage. Loaded Objects now: 1884.
Total: 1.975200 ms (FindLiveObjects: 0.207400 ms CreateObjectMapping: 0.033100 ms MarkObjects: 1.405000 ms  DeleteObjects: 0.328600 ms)

========================================================================
Received Import Request.
  Time since last request: 222.893581 seconds.
  path: Assets/Scripts/WeaponManager.cs
  artifactKey: Guid(52b597212d8a58e43b89e47d8b28b9ea) Importer(815301076,1909f56bfc062723c751e8b465ee728b)
Start importing Assets/Scripts/WeaponManager.cs using Guid(52b597212d8a58e43b89e47d8b28b9ea) Importer(815301076,1909f56bfc062723c751e8b465ee728b)  -> (artifact id: '52d35a6d25cf54b087fc5bc4e0a46c2e') in 0.003979 seconds
  Import took 0.006139 seconds .

========================================================================
Received Prepare
Registering precompiled user dll's ...
Registered in 0.001617 seconds.
Begin MonoManager ReloadAssembly
Native extension for WindowsStandalone target not found
Refreshing native plugins compatible for Editor in 0.35 ms, found 0 plugins.
Preloading 0 native plugins for Editor in 0.00 ms.
Invoked RoslynAnalysisRunner static constructor.
RoslynAnalysisRunner will not be running.
RoslynAnalysisRunner has terminated.
Mono: successfully reloaded assembly
- Completed reload, in  0.646 seconds
Platform modules already initialized, skipping
Refreshing native plugins compatible for Editor in 0.34 ms, found 0 plugins.
Preloading 0 native plugins for Editor in 0.00 ms.
Unloading 1354 Unused Serialized files (Serialized files now loaded: 0)
System memory in use before: 91.9 MB.
System memory in use after: 91.7 MB.

Unloading 11 unused Assets to reduce memory usage. Loaded Objects now: 1886.
Total: 1.875200 ms (FindLiveObjects: 0.212500 ms CreateObjectMapping: 0.034100 ms MarkObjects: 1.306700 ms  DeleteObjects: 0.320900 ms)

========================================================================
Received Import Request.
  Time since last request: 153.778137 seconds.
  path: Assets/Util.cs
  artifactKey: Guid(77a42ded92d1cbd4d85f72652a990233) Importer(815301076,1909f56bfc062723c751e8b465ee728b)
Start importing Assets/Util.cs using Guid(77a42ded92d1cbd4d85f72652a990233) Importer(815301076,1909f56bfc062723c751e8b465ee728b)  -> (artifact id: 'd2811e3903fd922192b46999dfef46ad') in 0.007703 seconds
  Import took 0.010499 seconds .

========================================================================
Received Prepare
Registering precompiled user dll's ...
Registered in 0.001586 seconds.
Begin MonoManager ReloadAssembly
Native extension for WindowsStandalone target not found
Refreshing native plugins compatible for Editor in 0.37 ms, found 0 plugins.
Preloading 0 native plugins for Editor in 0.00 ms.
Invoked RoslynAnalysisRunner static constructor.
RoslynAnalysisRunner will not be running.
RoslynAnalysisRunner has terminated.
Mono: successfully reloaded assembly
- Completed reload, in  0.668 seconds
Platform modules already initialized, skipping
Refreshing native plugins compatible for Editor in 0.36 ms, found 0 plugins.
Preloading 0 native plugins for Editor in 0.00 ms.
Unloading 1355 Unused Serialized files (Serialized files now loaded: 0)
System memory in use before: 91.9 MB.
System memory in use after: 91.7 MB.

Unloading 11 unused Assets to reduce memory usage. Loaded Objects now: 1889.
Total: 1.843600 ms (FindLiveObjects: 0.176200 ms CreateObjectMapping: 0.030200 ms MarkObjects: 1.348000 ms  DeleteObjects: 0.288400 ms)

========================================================================
Received Prepare
Registering precompiled user dll's ...
Registered in 0.001532 seconds.
Begin MonoManager ReloadAssembly
Native extension for WindowsStandalone target not found
Refreshing native plugins compatible for Editor in 0.36 ms, found 0 plugins.
Preloading 0 native plugins for Editor in 0.00 ms.
Invoked RoslynAnalysisRunner static constructor.
RoslynAnalysisRunner will not be running.
RoslynAnalysisRunner has terminated.
Mono: successfully reloaded assembly
- Completed reload, in  0.653 seconds
Platform modules already initialized, skipping
Refreshing native plugins compatible for Editor in 0.35 ms, found 0 plugins.
Preloading 0 native plugins for Editor in 0.00 ms.
Unloading 1355 Unused Serialized files (Serialized files now loaded: 0)
System memory in use before: 92.0 MB.
System memory in use after: 91.7 MB.

Unloading 11 unused Assets to reduce memory usage. Loaded Objects now: 1891.
Total: 1.885200 ms (FindLiveObjects: 0.192100 ms CreateObjectMapping: 0.034600 ms MarkObjects: 1.322400 ms  DeleteObjects: 0.335300 ms)

========================================================================
Received Import Request.
  Time since last request: 234.122541 seconds.
  path: Assets/Util.cs
  artifactKey: Guid(77a42ded92d1cbd4d85f72652a990233) Importer(815301076,1909f56bfc062723c751e8b465ee728b)
Start importing Assets/Util.cs using Guid(77a42ded92d1cbd4d85f72652a990233) Importer(815301076,1909f56bfc062723c751e8b465ee728b)  -> (artifact id: '9019ada8ded66f9b38d8fad005b29f12') in 0.003914 seconds
  Import took 0.005992 seconds .

========================================================================
Received Prepare
Registering precompiled user dll's ...
Registered in 0.001688 seconds.
Begin MonoManager ReloadAssembly
Native extension for WindowsStandalone target not found
Refreshing native plugins compatible for Editor in 0.39 ms, found 0 plugins.
Preloading 0 native plugins for Editor in 0.00 ms.
Invoked RoslynAnalysisRunner static constructor.
RoslynAnalysisRunner will not be running.
RoslynAnalysisRunner has terminated.
Mono: successfully reloaded assembly
- Completed reload, in  0.649 seconds
Platform modules already initialized, skipping
Refreshing native plugins compatible for Editor in 0.34 ms, found 0 plugins.
Preloading 0 native plugins for Editor in 0.00 ms.
Unloading 1355 Unused Serialized files (Serialized files now loaded: 0)
System memory in use before: 92.0 MB.
System memory in use after: 91.8 MB.

Unloading 11 unused Assets to reduce memory usage. Loaded Objects now: 1893.
Total: 1.921600 ms (FindLiveObjects: 0.188600 ms CreateObjectMapping: 0.030700 ms MarkObjects: 1.392200 ms  DeleteObjects: 0.309100 ms)

========================================================================
Received Prepare
Registering precompiled user dll's ...
Registered in 0.001586 seconds.
Begin MonoManager ReloadAssembly
Native extension for WindowsStandalone target not found
Refreshing native plugins compatible for Editor in 0.35 ms, found 0 plugins.
Preloading 0 native plugins for Editor in 0.00 ms.
Invoked RoslynAnalysisRunner static constructor.
RoslynAnalysisRunner will not be running.
RoslynAnalysisRunner has terminated.
Mono: successfully reloaded assembly
- Completed reload, in  0.642 seconds
Platform modules already initialized, skipping
Refreshing native plugins compatible for Editor in 0.35 ms, found 0 plugins.
Preloading 0 native plugins for Editor in 0.00 ms.
Unloading 1355 Unused Serialized files (Serialized files now loaded: 0)
System memory in use before: 92.0 MB.
System memory in use after: 91.8 MB.

Unloading 11 unused Assets to reduce memory usage. Loaded Objects now: 1895.
Total: 1.887500 ms (FindLiveObjects: 0.198800 ms CreateObjectMapping: 0.035900 ms MarkObjects: 1.315600 ms  DeleteObjects: 0.336200 ms)

========================================================================
Received Prepare
Registering precompiled user dll's ...
Registered in 0.001593 seconds.
Begin MonoManager ReloadAssembly
Native extension for WindowsStandalone target not found
Refreshing native plugins compatible for Editor in 0.36 ms, found 0 plugins.
Preloading 0 native plugins for Editor in 0.00 ms.
Invoked RoslynAnalysisRunner static constructor.
RoslynAnalysisRunner will not be running.
RoslynAnalysisRunner has terminated.
Mono: successfully reloaded assembly
- Completed reload, in  0.649 seconds
Platform modules already initialized, skipping
Refreshing native plugins compatible for Editor in 0.34 ms, found 0 plugins.
Preloading 0 native plugins for Editor in 0.00 ms.
Unloading 1355 Unused Serialized files (Serialized files now loaded: 0)
System memory in use before: 92.0 MB.
System memory in use after: 91.8 MB.

Unloading 11 unused Assets to reduce memory usage. Loaded Objects now: 1897.
Total: 1.844900 ms (FindLiveObjects: 0.173800 ms CreateObjectMapping: 0.029400 ms MarkObjects: 1.329300 ms  DeleteObjects: 0.311400 ms)

========================================================================
Received Import Request.
  Time since last request: 431.552942 seconds.
  path: Assets/Player 1 1.prefab
  artifactKey: Guid(cb3073c9969e92a46a400ec404bbe502) Importer(815301076,1909f56bfc062723c751e8b465ee728b)
Start importing Assets/Player 1 1.prefab using Guid(cb3073c9969e92a46a400ec404bbe502) Importer(815301076,1909f56bfc062723c751e8b465ee728b)  -> (artifact id: '87fd6a8dbe213764d3eb634325e4ae38') in 0.094526 seconds
  Import took 0.098830 seconds .

========================================================================
Received Import Request.
  Time since last request: 2.975415 seconds.
  path: Assets/Player 1 1.prefab
  artifactKey: Guid(cb3073c9969e92a46a400ec404bbe502) Importer(815301076,1909f56bfc062723c751e8b465ee728b)
Start importing Assets/Player 1 1.prefab using Guid(cb3073c9969e92a46a400ec404bbe502) Importer(815301076,1909f56bfc062723c751e8b465ee728b)  -> (artifact id: '1208b1042293b0061021c231694b9d9a') in 0.034979 seconds
  Import took 0.039056 seconds .

========================================================================
Received Prepare
Registering precompiled user dll's ...
Registered in 0.001595 seconds.
Begin MonoManager ReloadAssembly
Native extension for WindowsStandalone target not found
Refreshing native plugins compatible for Editor in 0.35 ms, found 0 plugins.
Preloading 0 native plugins for Editor in 0.00 ms.
Invoked RoslynAnalysisRunner static constructor.
RoslynAnalysisRunner will not be running.
RoslynAnalysisRunner has terminated.
Mono: successfully reloaded assembly
- Completed reload, in  0.659 seconds
Platform modules already initialized, skipping
Refreshing native plugins compatible for Editor in 0.35 ms, found 0 plugins.
Preloading 0 native plugins for Editor in 0.00 ms.
Unloading 1355 Unused Serialized files (Serialized files now loaded: 0)
System memory in use before: 92.1 MB.
System memory in use after: 91.8 MB.

Unloading 12 unused Assets to reduce memory usage. Loaded Objects now: 1900.
Total: 1.792200 ms (FindLiveObjects: 0.174400 ms CreateObjectMapping: 0.029600 ms MarkObjects: 1.236700 ms  DeleteObjects: 0.350800 ms)

========================================================================
Received Prepare
Registering precompiled user dll's ...
Registered in 0.001606 seconds.
Begin MonoManager ReloadAssembly
Native extension for WindowsStandalone target not found
Refreshing native plugins compatible for Editor in 0.34 ms, found 0 plugins.
Preloading 0 native plugins for Editor in 0.00 ms.
Invoked RoslynAnalysisRunner static constructor.
RoslynAnalysisRunner will not be running.
RoslynAnalysisRunner has terminated.
Mono: successfully reloaded assembly
- Completed reload, in  0.656 seconds
Platform modules already initialized, skipping
Refreshing native plugins compatible for Editor in 0.55 ms, found 0 plugins.
Preloading 0 native plugins for Editor in 0.00 ms.
Unloading 1355 Unused Serialized files (Serialized files now loaded: 0)
System memory in use before: 92.1 MB.
System memory in use after: 91.8 MB.

Unloading 11 unused Assets to reduce memory usage. Loaded Objects now: 1902.
Total: 1.981200 ms (FindLiveObjects: 0.196000 ms CreateObjectMapping: 0.030900 ms MarkObjects: 1.405300 ms  DeleteObjects: 0.347800 ms)

========================================================================
Received Prepare
Registering precompiled user dll's ...
Registered in 0.002227 seconds.
Begin MonoManager ReloadAssembly
Native extension for WindowsStandalone target not found
Refreshing native plugins compatible for Editor in 0.37 ms, found 0 plugins.
Preloading 0 native plugins for Editor in 0.00 ms.
Invoked RoslynAnalysisRunner static constructor.
RoslynAnalysisRunner will not be running.
RoslynAnalysisRunner has terminated.
Mono: successfully reloaded assembly
- Completed reload, in  0.657 seconds
Platform modules already initialized, skipping
Refreshing native plugins compatible for Editor in 0.36 ms, found 0 plugins.
Preloading 0 native plugins for Editor in 0.00 ms.
Unloading 1355 Unused Serialized files (Serialized files now loaded: 0)
System memory in use before: 92.1 MB.
System memory in use after: 91.8 MB.

Unloading 11 unused Assets to reduce memory usage. Loaded Objects now: 1904.
Total: 1.921000 ms (FindLiveObjects: 0.182200 ms CreateObjectMapping: 0.029700 ms MarkObjects: 1.343200 ms  DeleteObjects: 0.365000 ms)

========================================================================
Received Import Request.
  Time since last request: 549.881987 seconds.
  path: Assets/Prefab/Sci-Fi Automatic.prefab
  artifactKey: Guid(3b560cb6113cdc443870562ba8e8543e) Importer(815301076,1909f56bfc062723c751e8b465ee728b)
Start importing Assets/Prefab/Sci-Fi Automatic.prefab using Guid(3b560cb6113cdc443870562ba8e8543e) Importer(815301076,1909f56bfc062723c751e8b465ee728b)  -> (artifact id: 'cf60c9856997624a1fa82b8cc4d2406b') in 0.089437 seconds
  Import took 0.094459 seconds .

========================================================================
Received Import Request.
  Time since last request: 0.767311 seconds.
  path: Assets/Prefab/Sci-Fi Automatic.prefab
  artifactKey: Guid(3b560cb6113cdc443870562ba8e8543e) Importer(815301076,1909f56bfc062723c751e8b465ee728b)
Start importing Assets/Prefab/Sci-Fi Automatic.prefab using Guid(3b560cb6113cdc443870562ba8e8543e) Importer(815301076,1909f56bfc062723c751e8b465ee728b)  -> (artifact id: '3c5ab03c414f7e3dbaaa246f9f8f88b0') in 0.032522 seconds
  Import took 0.037032 seconds .

========================================================================
Received Prepare
Registering precompiled user dll's ...
Registered in 0.002042 seconds.
Begin MonoManager ReloadAssembly
Native extension for WindowsStandalone target not found
Refreshing native plugins compatible for Editor in 0.36 ms, found 0 plugins.
Preloading 0 native plugins for Editor in 0.00 ms.
Invoked RoslynAnalysisRunner static constructor.
RoslynAnalysisRunner will not be running.
RoslynAnalysisRunner has terminated.
Mono: successfully reloaded assembly
- Completed reload, in  0.663 seconds
Platform modules already initialized, skipping
Refreshing native plugins compatible for Editor in 0.40 ms, found 0 plugins.
Preloading 0 native plugins for Editor in 0.00 ms.
Unloading 1355 Unused Serialized files (Serialized files now loaded: 0)
System memory in use before: 92.1 MB.
System memory in use after: 91.8 MB.

Unloading 11 unused Assets to reduce memory usage. Loaded Objects now: 1907.
Total: 1.875300 ms (FindLiveObjects: 0.188500 ms CreateObjectMapping: 0.029900 ms MarkObjects: 1.268200 ms  DeleteObjects: 0.387300 ms)

========================================================================
Received Import Request.
  Time since last request: 38.418702 seconds.
  path: Assets/Prefab/Sci-Fi Automatic.prefab
  artifactKey: Guid(3b560cb6113cdc443870562ba8e8543e) Importer(815301076,1909f56bfc062723c751e8b465ee728b)
Start importing Assets/Prefab/Sci-Fi Automatic.prefab using Guid(3b560cb6113cdc443870562ba8e8543e) Importer(815301076,1909f56bfc062723c751e8b465ee728b)  -> (artifact id: '446f80c8f6eaa35c93a1ae6b77e5a983') in 0.092037 seconds
  Import took 0.096684 seconds .

========================================================================
Received Import Request.
  Time since last request: 2.607778 seconds.
  path: Assets/Prefab/Sci-Fi Automatic.prefab
  artifactKey: Guid(3b560cb6113cdc443870562ba8e8543e) Importer(815301076,1909f56bfc062723c751e8b465ee728b)
Start importing Assets/Prefab/Sci-Fi Automatic.prefab using Guid(3b560cb6113cdc443870562ba8e8543e) Importer(815301076,1909f56bfc062723c751e8b465ee728b)  -> (artifact id: '94eb92478459ea20241c9e2cf154c1aa') in 0.034304 seconds
  Import took 0.039176 seconds .

========================================================================
Received Prepare
Registering precompiled user dll's ...
Registered in 0.001710 seconds.
Begin MonoManager ReloadAssembly
Native extension for WindowsStandalone target not found
Refreshing native plugins compatible for Editor in 0.59 ms, found 0 plugins.
Preloading 0 native plugins for Editor in 0.00 ms.
Invoked RoslynAnalysisRunner static constructor.
RoslynAnalysisRunner will not be running.
RoslynAnalysisRunner has terminated.
Mono: successfully reloaded assembly
- Completed reload, in  0.639 seconds
Platform modules already initialized, skipping
Refreshing native plugins compatible for Editor in 0.35 ms, found 0 plugins.
Preloading 0 native plugins for Editor in 0.00 ms.
Unloading 1355 Unused Serialized files (Serialized files now loaded: 0)
System memory in use before: 92.1 MB.
System memory in use after: 91.8 MB.

Unloading 11 unused Assets to reduce memory usage. Loaded Objects now: 1910.
Total: 1.765000 ms (FindLiveObjects: 0.183800 ms CreateObjectMapping: 0.031400 ms MarkObjects: 1.204900 ms  DeleteObjects: 0.344300 ms)

========================================================================
Received Prepare
Refreshing native plugins compatible for Editor in 1.25 ms, found 0 plugins.
Preloading 0 native plugins for Editor in 0.00 ms.
Unloading 9 Unused Serialized files (Serialized files now loaded: 0)
System memory in use before: 65.5 MB.
System memory in use after: 65.2 MB.

Unloading 9 unused Assets to reduce memory usage. Loaded Objects now: 1910.
Total: 2.036500 ms (FindLiveObjects: 0.199300 ms CreateObjectMapping: 0.043100 ms MarkObjects: 1.432500 ms  DeleteObjects: 0.360400 ms)

========================================================================
Received Prepare
Registering precompiled user dll's ...
Registered in 0.001502 seconds.
Begin MonoManager ReloadAssembly
Native extension for WindowsStandalone target not found
Refreshing native plugins compatible for Editor in 0.40 ms, found 0 plugins.
Preloading 0 native plugins for Editor in 0.00 ms.
Invoked RoslynAnalysisRunner static constructor.
RoslynAnalysisRunner will not be running.
RoslynAnalysisRunner has terminated.
Mono: successfully reloaded assembly
- Completed reload, in  0.745 seconds
Platform modules already initialized, skipping
Refreshing native plugins compatible for Editor in 0.39 ms, found 0 plugins.
Preloading 0 native plugins for Editor in 0.00 ms.
Unloading 1355 Unused Serialized files (Serialized files now loaded: 0)
System memory in use before: 92.1 MB.
System memory in use after: 91.9 MB.

Unloading 11 unused Assets to reduce memory usage. Loaded Objects now: 1912.
Total: 2.430000 ms (FindLiveObjects: 0.271900 ms CreateObjectMapping: 0.031700 ms MarkObjects: 1.718400 ms  DeleteObjects: 0.406900 ms)

========================================================================
Received Import Request.
  Time since last request: 176.331331 seconds.
  path: Assets/Standard Assets/ParticleSystems/Prefabs/Flare.prefab
  artifactKey: Guid(0438351a6e6422d43a09930e9be00ee9) Importer(815301076,1909f56bfc062723c751e8b465ee728b)
Start importing Assets/Standard Assets/ParticleSystems/Prefabs/Flare.prefab using Guid(0438351a6e6422d43a09930e9be00ee9) Importer(815301076,1909f56bfc062723c751e8b465ee728b)  -> (artifact id: '315b7bb4b0f2c9b9b88a1e6b839dc281') in 0.026758 seconds
  Import took 0.029476 seconds .

========================================================================
Received Import Request.
  Time since last request: 0.190091 seconds.
  path: Assets/Standard Assets/ParticleSystems/Prefabs/Flare.prefab
  artifactKey: Guid(0438351a6e6422d43a09930e9be00ee9) Importer(815301076,1909f56bfc062723c751e8b465ee728b)
Start importing Assets/Standard Assets/ParticleSystems/Prefabs/Flare.prefab using Guid(0438351a6e6422d43a09930e9be00ee9) Importer(815301076,1909f56bfc062723c751e8b465ee728b)  -> (artifact id: '8bda78eae0ef52a6b9dd1ff3d63fc9cc') in 0.004023 seconds
  Import took 0.006382 seconds .

========================================================================
Received Import Request.
  Time since last request: 1.741685 seconds.
  path: Assets/Standard Assets/ParticleSystems/Prefabs/Flare.prefab
  artifactKey: Guid(0438351a6e6422d43a09930e9be00ee9) Importer(815301076,1909f56bfc062723c751e8b465ee728b)
Start importing Assets/Standard Assets/ParticleSystems/Prefabs/Flare.prefab using Guid(0438351a6e6422d43a09930e9be00ee9) Importer(815301076,1909f56bfc062723c751e8b465ee728b)  -> (artifact id: '36cef9e9467e0f64b2d2791df912a26a') in 0.003870 seconds
  Import took 0.006357 seconds .

========================================================================
Received Import Request.
  Time since last request: 7.802288 seconds.
  path: Assets/Standard Assets/ParticleSystems/Prefabs/Flare.prefab
  artifactKey: Guid(0438351a6e6422d43a09930e9be00ee9) Importer(815301076,1909f56bfc062723c751e8b465ee728b)
Start importing Assets/Standard Assets/ParticleSystems/Prefabs/Flare.prefab using Guid(0438351a6e6422d43a09930e9be00ee9) Importer(815301076,1909f56bfc062723c751e8b465ee728b)  -> (artifact id: '7df1abc2a404bb063f7ebe90690aac74') in 0.003978 seconds
  Import took 0.006526 seconds .

========================================================================
Received Import Request.
  Time since last request: 12.275076 seconds.
  path: Assets/Standard Assets/ParticleSystems/Prefabs/Flare.prefab
  artifactKey: Guid(0438351a6e6422d43a09930e9be00ee9) Importer(815301076,1909f56bfc062723c751e8b465ee728b)
Start importing Assets/Standard Assets/ParticleSystems/Prefabs/Flare.prefab using Guid(0438351a6e6422d43a09930e9be00ee9) Importer(815301076,1909f56bfc062723c751e8b465ee728b)  -> (artifact id: '1cbfae4ab9aa7ac218272a76d9bd5d10') in 0.004083 seconds
  Import took 0.006868 seconds .

========================================================================
Received Import Request.
  Time since last request: 0.987672 seconds.
  path: Assets/Standard Assets/ParticleSystems/Prefabs/Flare.prefab
  artifactKey: Guid(0438351a6e6422d43a09930e9be00ee9) Importer(815301076,1909f56bfc062723c751e8b465ee728b)
Start importing Assets/Standard Assets/ParticleSystems/Prefabs/Flare.prefab using Guid(0438351a6e6422d43a09930e9be00ee9) Importer(815301076,1909f56bfc062723c751e8b465ee728b)  -> (artifact id: '5286321d2582b3b5e478e6b7b4935181') in 0.003651 seconds
  Import took 0.006228 seconds .

========================================================================
Received Import Request.
  Time since last request: 1.835512 seconds.
  path: Assets/Standard Assets/ParticleSystems/Prefabs/Flare.prefab
  artifactKey: Guid(0438351a6e6422d43a09930e9be00ee9) Importer(815301076,1909f56bfc062723c751e8b465ee728b)
Start importing Assets/Standard Assets/ParticleSystems/Prefabs/Flare.prefab using Guid(0438351a6e6422d43a09930e9be00ee9) Importer(815301076,1909f56bfc062723c751e8b465ee728b)  -> (artifact id: 'c5bb9ff2dbfbe1f5df3345b00ea1f3ec') in 0.003776 seconds
  Import took 0.006131 seconds .

========================================================================
Received Import Request.
  Time since last request: 1.190529 seconds.
  path: Assets/Standard Assets/ParticleSystems/Prefabs/Flare.prefab
  artifactKey: Guid(0438351a6e6422d43a09930e9be00ee9) Importer(815301076,1909f56bfc062723c751e8b465ee728b)
Start importing Assets/Standard Assets/ParticleSystems/Prefabs/Flare.prefab using Guid(0438351a6e6422d43a09930e9be00ee9) Importer(815301076,1909f56bfc062723c751e8b465ee728b)  -> (artifact id: 'a869b9c2b5a50fee7d7210d7bac2b232') in 0.003850 seconds
  Import took 0.006220 seconds .

========================================================================
Received Import Request.
  Time since last request: 405.937570 seconds.
  path: Assets/Prefab/HitParticles.prefab
  artifactKey: Guid(e88bce5371f8b3f4e93b9e90fc5b31e0) Importer(815301076,1909f56bfc062723c751e8b465ee728b)
Start importing Assets/Prefab/HitParticles.prefab using Guid(e88bce5371f8b3f4e93b9e90fc5b31e0) Importer(815301076,1909f56bfc062723c751e8b465ee728b)  -> (artifact id: '928b298a7055fc4a0572199ee62daf8f') in 0.007481 seconds
  Import took 0.010230 seconds .

========================================================================
Received Prepare
Registering precompiled user dll's ...
Registered in 0.001887 seconds.
Begin MonoManager ReloadAssembly
Native extension for WindowsStandalone target not found
Refreshing native plugins compatible for Editor in 0.37 ms, found 0 plugins.
Preloading 0 native plugins for Editor in 0.00 ms.
Invoked RoslynAnalysisRunner static constructor.
RoslynAnalysisRunner will not be running.
RoslynAnalysisRunner has terminated.
Mono: successfully reloaded assembly
- Completed reload, in  0.632 seconds
Platform modules already initialized, skipping
Refreshing native plugins compatible for Editor in 0.43 ms, found 0 plugins.
Preloading 0 native plugins for Editor in 0.00 ms.
Unloading 1355 Unused Serialized files (Serialized files now loaded: 0)
System memory in use before: 92.1 MB.
System memory in use after: 91.9 MB.

Unloading 11 unused Assets to reduce memory usage. Loaded Objects now: 1914.
Total: 1.907000 ms (FindLiveObjects: 0.185700 ms CreateObjectMapping: 0.034700 ms MarkObjects: 1.362400 ms  DeleteObjects: 0.323000 ms)

========================================================================
Received Import Request.
  Time since last request: 66.212924 seconds.
  path: Assets/Prefab/Sci-Fi Automatic.prefab
  artifactKey: Guid(3b560cb6113cdc443870562ba8e8543e) Importer(815301076,1909f56bfc062723c751e8b465ee728b)
Start importing Assets/Prefab/Sci-Fi Automatic.prefab using Guid(3b560cb6113cdc443870562ba8e8543e) Importer(815301076,1909f56bfc062723c751e8b465ee728b)  -> (artifact id: '30fd09acd59c63f79c53089d14e8579e') in 0.074561 seconds
  Import took 0.079131 seconds .

========================================================================
Received Prepare
Registering precompiled user dll's ...
Registered in 0.001663 seconds.
Begin MonoManager ReloadAssembly
Native extension for WindowsStandalone target not found
Refreshing native plugins compatible for Editor in 0.36 ms, found 0 plugins.
Preloading 0 native plugins for Editor in 0.00 ms.
Invoked RoslynAnalysisRunner static constructor.
RoslynAnalysisRunner will not be running.
RoslynAnalysisRunner has terminated.
Mono: successfully reloaded assembly
- Completed reload, in  0.670 seconds
Platform modules already initialized, skipping
Refreshing native plugins compatible for Editor in 0.35 ms, found 0 plugins.
Preloading 0 native plugins for Editor in 0.00 ms.
Unloading 1355 Unused Serialized files (Serialized files now loaded: 0)
System memory in use before: 92.1 MB.
System memory in use after: 91.9 MB.

Unloading 11 unused Assets to reduce memory usage. Loaded Objects now: 1917.
Total: 1.937900 ms (FindLiveObjects: 0.182800 ms CreateObjectMapping: 0.042200 ms MarkObjects: 1.354200 ms  DeleteObjects: 0.357900 ms)

========================================================================
Received Prepare
Registering precompiled user dll's ...
Registered in 0.001674 seconds.
Begin MonoManager ReloadAssembly
Native extension for WindowsStandalone target not found
Refreshing native plugins compatible for Editor in 0.35 ms, found 0 plugins.
Preloading 0 native plugins for Editor in 0.00 ms.
Invoked RoslynAnalysisRunner static constructor.
RoslynAnalysisRunner will not be running.
RoslynAnalysisRunner has terminated.
Mono: successfully reloaded assembly
- Completed reload, in  0.625 seconds
Platform modules already initialized, skipping
Refreshing native plugins compatible for Editor in 0.34 ms, found 0 plugins.
Preloading 0 native plugins for Editor in 0.00 ms.
Unloading 1355 Unused Serialized files (Serialized files now loaded: 0)
System memory in use before: 92.1 MB.
System memory in use after: 91.9 MB.

Unloading 11 unused Assets to reduce memory usage. Loaded Objects now: 1919.
Total: 1.929800 ms (FindLiveObjects: 0.181900 ms CreateObjectMapping: 0.031600 ms MarkObjects: 1.383500 ms  DeleteObjects: 0.331800 ms)

========================================================================
Received Import Request.
  Time since last request: 479.543558 seconds.
  path: Assets/Prefab/HitParticles.prefab
  artifactKey: Guid(e88bce5371f8b3f4e93b9e90fc5b31e0) Importer(815301076,1909f56bfc062723c751e8b465ee728b)
Start importing Assets/Prefab/HitParticles.prefab using Guid(e88bce5371f8b3f4e93b9e90fc5b31e0) Importer(815301076,1909f56bfc062723c751e8b465ee728b)  -> (artifact id: '67ea39ed08c5902a6098f5bad4a04a8c') in 0.023087 seconds
  Import took 0.025527 seconds .

========================================================================
Received Import Request.
  Time since last request: 11.544908 seconds.
  path: Assets/Prefab/HitParticles.prefab
  artifactKey: Guid(e88bce5371f8b3f4e93b9e90fc5b31e0) Importer(815301076,1909f56bfc062723c751e8b465ee728b)
Start importing Assets/Prefab/HitParticles.prefab using Guid(e88bce5371f8b3f4e93b9e90fc5b31e0) Importer(815301076,1909f56bfc062723c751e8b465ee728b)  -> (artifact id: 'c2a56dc9b43c4b3911f51fb16f920d17') in 0.003805 seconds
  Import took 0.006333 seconds .

========================================================================
Received Import Request.
  Time since last request: 3.567436 seconds.
  path: Assets/Prefab/HitParticles.prefab
  artifactKey: Guid(e88bce5371f8b3f4e93b9e90fc5b31e0) Importer(815301076,1909f56bfc062723c751e8b465ee728b)
Start importing Assets/Prefab/HitParticles.prefab using Guid(e88bce5371f8b3f4e93b9e90fc5b31e0) Importer(815301076,1909f56bfc062723c751e8b465ee728b)  -> (artifact id: 'b69b5490f7c79e6f7971b54fb12fa87b') in 0.003886 seconds
  Import took 0.006438 seconds .

========================================================================
Received Prepare
Registering precompiled user dll's ...
Registered in 0.001672 seconds.
Begin MonoManager ReloadAssembly
Native extension for WindowsStandalone target not found
Refreshing native plugins compatible for Editor in 0.41 ms, found 0 plugins.
Preloading 0 native plugins for Editor in 0.00 ms.
Invoked RoslynAnalysisRunner static constructor.
RoslynAnalysisRunner will not be running.
RoslynAnalysisRunner has terminated.
Mono: successfully reloaded assembly
- Completed reload, in  0.683 seconds
Platform modules already initialized, skipping
Refreshing native plugins compatible for Editor in 0.49 ms, found 0 plugins.
Preloading 0 native plugins for Editor in 0.00 ms.
Unloading 1355 Unused Serialized files (Serialized files now loaded: 0)
System memory in use before: 92.1 MB.
System memory in use after: 91.9 MB.

Unloading 11 unused Assets to reduce memory usage. Loaded Objects now: 1921.
Total: 2.081500 ms (FindLiveObjects: 0.199800 ms CreateObjectMapping: 0.033500 ms MarkObjects: 1.487200 ms  DeleteObjects: 0.359800 ms)

========================================================================
Received Prepare
Registering precompiled user dll's ...
Registered in 0.001615 seconds.
Begin MonoManager ReloadAssembly
Native extension for WindowsStandalone target not found
Refreshing native plugins compatible for Editor in 0.34 ms, found 0 plugins.
Preloading 0 native plugins for Editor in 0.00 ms.
Invoked RoslynAnalysisRunner static constructor.
RoslynAnalysisRunner will not be running.
RoslynAnalysisRunner has terminated.
Mono: successfully reloaded assembly
- Completed reload, in  0.647 seconds
Platform modules already initialized, skipping
Refreshing native plugins compatible for Editor in 0.39 ms, found 0 plugins.
Preloading 0 native plugins for Editor in 0.00 ms.
Unloading 1355 Unused Serialized files (Serialized files now loaded: 0)
System memory in use before: 92.2 MB.
System memory in use after: 91.9 MB.

Unloading 11 unused Assets to reduce memory usage. Loaded Objects now: 1923.
Total: 1.831300 ms (FindLiveObjects: 0.198400 ms CreateObjectMapping: 0.036800 ms MarkObjects: 1.250100 ms  DeleteObjects: 0.344800 ms)

========================================================================
Received Prepare
Registering precompiled user dll's ...
Registered in 0.001607 seconds.
Begin MonoManager ReloadAssembly
Native extension for WindowsStandalone target not found
Refreshing native plugins compatible for Editor in 0.34 ms, found 0 plugins.
Preloading 0 native plugins for Editor in 0.00 ms.
Invoked RoslynAnalysisRunner static constructor.
RoslynAnalysisRunner will not be running.
RoslynAnalysisRunner has terminated.
Mono: successfully reloaded assembly
- Completed reload, in  0.655 seconds
Platform modules already initialized, skipping
Refreshing native plugins compatible for Editor in 0.36 ms, found 0 plugins.
Preloading 0 native plugins for Editor in 0.00 ms.
Unloading 1355 Unused Serialized files (Serialized files now loaded: 0)
System memory in use before: 92.2 MB.
System memory in use after: 91.9 MB.

Unloading 11 unused Assets to reduce memory usage. Loaded Objects now: 1925.
Total: 1.919500 ms (FindLiveObjects: 0.187200 ms CreateObjectMapping: 0.030200 ms MarkObjects: 1.385200 ms  DeleteObjects: 0.315900 ms)

========================================================================
Received Import Request.
  Time since last request: 920.188783 seconds.
  path: Assets/Prefab/HitParticles.prefab
  artifactKey: Guid(e88bce5371f8b3f4e93b9e90fc5b31e0) Importer(815301076,1909f56bfc062723c751e8b465ee728b)
Start importing Assets/Prefab/HitParticles.prefab using Guid(e88bce5371f8b3f4e93b9e90fc5b31e0) Importer(815301076,1909f56bfc062723c751e8b465ee728b)  -> (artifact id: '3afa44de4475c6123b1282d7c2c56a1f') in 0.026669 seconds
  Import took 0.029536 seconds .

========================================================================
Received Prepare
Registering precompiled user dll's ...
Registered in 0.001745 seconds.
Begin MonoManager ReloadAssembly
Native extension for WindowsStandalone target not found
Refreshing native plugins compatible for Editor in 0.45 ms, found 0 plugins.
Preloading 0 native plugins for Editor in 0.00 ms.
Invoked RoslynAnalysisRunner static constructor.
RoslynAnalysisRunner will not be running.
RoslynAnalysisRunner has terminated.
Mono: successfully reloaded assembly
- Completed reload, in  0.703 seconds
Platform modules already initialized, skipping
Refreshing native plugins compatible for Editor in 0.42 ms, found 0 plugins.
Preloading 0 native plugins for Editor in 0.00 ms.
Unloading 1355 Unused Serialized files (Serialized files now loaded: 0)
System memory in use before: 92.1 MB.
System memory in use after: 91.9 MB.

Unloading 11 unused Assets to reduce memory usage. Loaded Objects now: 1927.
Total: 2.155600 ms (FindLiveObjects: 0.352600 ms CreateObjectMapping: 0.031700 ms MarkObjects: 1.434100 ms  DeleteObjects: 0.336200 ms)

========================================================================
Received Import Request.
  Time since last request: 165.334612 seconds.
  path: Assets/Prefab/HitParticles.prefab
  artifactKey: Guid(e88bce5371f8b3f4e93b9e90fc5b31e0) Importer(815301076,1909f56bfc062723c751e8b465ee728b)
Start importing Assets/Prefab/HitParticles.prefab using Guid(e88bce5371f8b3f4e93b9e90fc5b31e0) Importer(815301076,1909f56bfc062723c751e8b465ee728b)  -> (artifact id: '481e674a2004f5468934f21879fe1503') in 0.023971 seconds
  Import took 0.026439 seconds .

========================================================================
Received Import Request.
  Time since last request: 12.493697 seconds.
  path: Assets/Prefab/HitParticles.prefab
  artifactKey: Guid(e88bce5371f8b3f4e93b9e90fc5b31e0) Importer(815301076,1909f56bfc062723c751e8b465ee728b)
Start importing Assets/Prefab/HitParticles.prefab using Guid(e88bce5371f8b3f4e93b9e90fc5b31e0) Importer(815301076,1909f56bfc062723c751e8b465ee728b)  -> (artifact id: 'ed778eb1f580b8f85b573169aae954e9') in 0.003945 seconds
  Import took 0.006318 seconds .

========================================================================
Received Prepare
Registering precompiled user dll's ...
Registered in 0.001698 seconds.
Begin MonoManager ReloadAssembly
Native extension for WindowsStandalone target not found
Refreshing native plugins compatible for Editor in 0.36 ms, found 0 plugins.
Preloading 0 native plugins for Editor in 0.00 ms.
Invoked RoslynAnalysisRunner static constructor.
RoslynAnalysisRunner will not be running.
RoslynAnalysisRunner has terminated.
Mono: successfully reloaded assembly
- Completed reload, in  0.654 seconds
Platform modules already initialized, skipping
Refreshing native plugins compatible for Editor in 0.39 ms, found 0 plugins.
Preloading 0 native plugins for Editor in 0.00 ms.
Unloading 1355 Unused Serialized files (Serialized files now loaded: 0)
System memory in use before: 92.2 MB.
System memory in use after: 91.9 MB.

Unloading 11 unused Assets to reduce memory usage. Loaded Objects now: 1929.
Total: 1.818600 ms (FindLiveObjects: 0.205200 ms CreateObjectMapping: 0.030000 ms MarkObjects: 1.236300 ms  DeleteObjects: 0.346500 ms)

========================================================================
Received Import Request.
  Time since last request: 43.686323 seconds.
  path: Assets/Prefab/HitParticles.prefab
  artifactKey: Guid(e88bce5371f8b3f4e93b9e90fc5b31e0) Importer(815301076,1909f56bfc062723c751e8b465ee728b)
Start importing Assets/Prefab/HitParticles.prefab using Guid(e88bce5371f8b3f4e93b9e90fc5b31e0) Importer(815301076,1909f56bfc062723c751e8b465ee728b)  -> (artifact id: '0d2f357daa0012c1cc5ba9248ccf8f28') in 0.023301 seconds
  Import took 0.025900 seconds .

========================================================================
Received Import Request.
  Time since last request: 15.861577 seconds.
  path: Assets/Prefab/HitParticles.prefab
  artifactKey: Guid(e88bce5371f8b3f4e93b9e90fc5b31e0) Importer(815301076,1909f56bfc062723c751e8b465ee728b)
Start importing Assets/Prefab/HitParticles.prefab using Guid(e88bce5371f8b3f4e93b9e90fc5b31e0) Importer(815301076,1909f56bfc062723c751e8b465ee728b)  -> (artifact id: '098fff1e41ef06732b8143f0d70fdf80') in 0.003667 seconds
  Import took 0.006712 seconds .

========================================================================
Received Import Request.
  Time since last request: 5.943820 seconds.
  path: Assets/Prefab/HitParticles.prefab
  artifactKey: Guid(e88bce5371f8b3f4e93b9e90fc5b31e0) Importer(815301076,1909f56bfc062723c751e8b465ee728b)
Start importing Assets/Prefab/HitParticles.prefab using Guid(e88bce5371f8b3f4e93b9e90fc5b31e0) Importer(815301076,1909f56bfc062723c751e8b465ee728b)  -> (artifact id: '858e9e9e37c64306847941de34975ffe') in 0.003996 seconds
  Import took 0.006631 seconds .

========================================================================
Received Import Request.
  Time since last request: 2.323448 seconds.
  path: Assets/Prefab/HitParticles.prefab
  artifactKey: Guid(e88bce5371f8b3f4e93b9e90fc5b31e0) Importer(815301076,1909f56bfc062723c751e8b465ee728b)
Start importing Assets/Prefab/HitParticles.prefab using Guid(e88bce5371f8b3f4e93b9e90fc5b31e0) Importer(815301076,1909f56bfc062723c751e8b465ee728b)  -> (artifact id: '444f8ffa9612843e8f5b369a8dad5470') in 0.003874 seconds
  Import took 0.006270 seconds .

========================================================================
Received Import Request.
  Time since last request: 13.507523 seconds.
  path: Assets/Prefab/HitParticles.prefab
  artifactKey: Guid(e88bce5371f8b3f4e93b9e90fc5b31e0) Importer(815301076,1909f56bfc062723c751e8b465ee728b)
Start importing Assets/Prefab/HitParticles.prefab using Guid(e88bce5371f8b3f4e93b9e90fc5b31e0) Importer(815301076,1909f56bfc062723c751e8b465ee728b)  -> (artifact id: '32ebbff398eef2e9a2f6c2077e5e0b94') in 0.003958 seconds
  Import took 0.006751 seconds .

========================================================================
Received Import Request.
  Time since last request: 1.997335 seconds.
  path: Assets/Prefab/HitParticles.prefab
  artifactKey: Guid(e88bce5371f8b3f4e93b9e90fc5b31e0) Importer(815301076,1909f56bfc062723c751e8b465ee728b)
Start importing Assets/Prefab/HitParticles.prefab using Guid(e88bce5371f8b3f4e93b9e90fc5b31e0) Importer(815301076,1909f56bfc062723c751e8b465ee728b)  -> (artifact id: '482c47588b77c09897d0f3c7bc50409c') in 0.004049 seconds
  Import took 0.006550 seconds .

========================================================================
Received Import Request.
  Time since last request: 2.611390 seconds.
  path: Assets/Prefab/HitParticles.prefab
  artifactKey: Guid(e88bce5371f8b3f4e93b9e90fc5b31e0) Importer(815301076,1909f56bfc062723c751e8b465ee728b)
Start importing Assets/Prefab/HitParticles.prefab using Guid(e88bce5371f8b3f4e93b9e90fc5b31e0) Importer(815301076,1909f56bfc062723c751e8b465ee728b)  -> (artifact id: 'e0d033673186fb494163b92c392a48cd') in 0.003922 seconds
  Import took 0.006597 seconds .

========================================================================
Received Import Request.
  Time since last request: 11.308654 seconds.
  path: Assets/Prefab/HitParticles.prefab
  artifactKey: Guid(e88bce5371f8b3f4e93b9e90fc5b31e0) Importer(815301076,1909f56bfc062723c751e8b465ee728b)
Start importing Assets/Prefab/HitParticles.prefab using Guid(e88bce5371f8b3f4e93b9e90fc5b31e0) Importer(815301076,1909f56bfc062723c751e8b465ee728b)  -> (artifact id: '9d13b68af95aceb995b7bd9b1081ae55') in 0.003857 seconds
  Import took 0.006360 seconds .

========================================================================
Received Import Request.
  Time since last request: 2.209669 seconds.
  path: Assets/Prefab/HitParticles.prefab
  artifactKey: Guid(e88bce5371f8b3f4e93b9e90fc5b31e0) Importer(815301076,1909f56bfc062723c751e8b465ee728b)
Start importing Assets/Prefab/HitParticles.prefab using Guid(e88bce5371f8b3f4e93b9e90fc5b31e0) Importer(815301076,1909f56bfc062723c751e8b465ee728b)  -> (artifact id: '3e2507d09d781ef08ae1ee44930ec22b') in 0.003635 seconds
  Import took 0.006105 seconds .

========================================================================
Received Import Request.
  Time since last request: 1.429782 seconds.
  path: Assets/Prefab/HitParticles.prefab
  artifactKey: Guid(e88bce5371f8b3f4e93b9e90fc5b31e0) Importer(815301076,1909f56bfc062723c751e8b465ee728b)
Start importing Assets/Prefab/HitParticles.prefab using Guid(e88bce5371f8b3f4e93b9e90fc5b31e0) Importer(815301076,1909f56bfc062723c751e8b465ee728b)  -> (artifact id: '1e38e3652c10b4a4580d7c7e5490b359') in 0.003838 seconds
  Import took 0.006296 seconds .

========================================================================
Received Import Request.
  Time since last request: 9.449989 seconds.
  path: Assets/Prefab/HitParticles.prefab
  artifactKey: Guid(e88bce5371f8b3f4e93b9e90fc5b31e0) Importer(815301076,1909f56bfc062723c751e8b465ee728b)
Start importing Assets/Prefab/HitParticles.prefab using Guid(e88bce5371f8b3f4e93b9e90fc5b31e0) Importer(815301076,1909f56bfc062723c751e8b465ee728b)  -> (artifact id: '4f8e998f67585d710d35729d57cf1f7d') in 0.003924 seconds
  Import took 0.006730 seconds .

========================================================================
Received Import Request.
  Time since last request: 2.299721 seconds.
  path: Assets/Prefab/HitParticles.prefab
  artifactKey: Guid(e88bce5371f8b3f4e93b9e90fc5b31e0) Importer(815301076,1909f56bfc062723c751e8b465ee728b)
Start importing Assets/Prefab/HitParticles.prefab using Guid(e88bce5371f8b3f4e93b9e90fc5b31e0) Importer(815301076,1909f56bfc062723c751e8b465ee728b)  -> (artifact id: 'b18933553afd218ea4500fefc6ff653f') in 0.003787 seconds
  Import took 0.006308 seconds .

========================================================================
Received Import Request.
  Time since last request: 5.778844 seconds.
  path: Assets/Prefab/HitParticles.prefab
  artifactKey: Guid(e88bce5371f8b3f4e93b9e90fc5b31e0) Importer(815301076,1909f56bfc062723c751e8b465ee728b)
Start importing Assets/Prefab/HitParticles.prefab using Guid(e88bce5371f8b3f4e93b9e90fc5b31e0) Importer(815301076,1909f56bfc062723c751e8b465ee728b)  -> (artifact id: 'ee9ffd7f138b3c481133437daf8cb2e4') in 0.003928 seconds
  Import took 0.006570 seconds .

========================================================================
Received Import Request.
  Time since last request: 8.840802 seconds.
  path: Assets/Prefab/HitParticles.prefab
  artifactKey: Guid(e88bce5371f8b3f4e93b9e90fc5b31e0) Importer(815301076,1909f56bfc062723c751e8b465ee728b)
Start importing Assets/Prefab/HitParticles.prefab using Guid(e88bce5371f8b3f4e93b9e90fc5b31e0) Importer(815301076,1909f56bfc062723c751e8b465ee728b)  -> (artifact id: '45dff522c9888cd30ed0ae83d7f8f2b2') in 0.003898 seconds
  Import took 0.006605 seconds .

========================================================================
Received Import Request.
  Time since last request: 18.284458 seconds.
  path: Assets/Prefab/HitParticles.prefab
  artifactKey: Guid(e88bce5371f8b3f4e93b9e90fc5b31e0) Importer(815301076,1909f56bfc062723c751e8b465ee728b)
Start importing Assets/Prefab/HitParticles.prefab using Guid(e88bce5371f8b3f4e93b9e90fc5b31e0) Importer(815301076,1909f56bfc062723c751e8b465ee728b)  -> (artifact id: 'f872a723cabe61a2e3899d08bdb58a4e') in 0.003570 seconds
  Import took 0.006557 seconds .

========================================================================
Received Import Request.
  Time since last request: 0.187067 seconds.
  path: Assets/Prefab/HitParticles.prefab
  artifactKey: Guid(e88bce5371f8b3f4e93b9e90fc5b31e0) Importer(815301076,1909f56bfc062723c751e8b465ee728b)
Start importing Assets/Prefab/HitParticles.prefab using Guid(e88bce5371f8b3f4e93b9e90fc5b31e0) Importer(815301076,1909f56bfc062723c751e8b465ee728b)  -> (artifact id: '78c5c6052ee46887a2ab5240017db72e') in 0.004023 seconds
  Import took 0.006570 seconds .

========================================================================
Received Import Request.
  Time since last request: 2.827039 seconds.
  path: Assets/Prefab/HitParticles.prefab
  artifactKey: Guid(e88bce5371f8b3f4e93b9e90fc5b31e0) Importer(815301076,1909f56bfc062723c751e8b465ee728b)
Start importing Assets/Prefab/HitParticles.prefab using Guid(e88bce5371f8b3f4e93b9e90fc5b31e0) Importer(815301076,1909f56bfc062723c751e8b465ee728b)  -> (artifact id: '4c4886ece1bd65e6c43c34b51ee7f1e8') in 0.003771 seconds
  Import took 0.006259 seconds .

========================================================================
Received Import Request.
  Time since last request: 2.394458 seconds.
  path: Assets/Prefab/HitParticles.prefab
  artifactKey: Guid(e88bce5371f8b3f4e93b9e90fc5b31e0) Importer(815301076,1909f56bfc062723c751e8b465ee728b)
Start importing Assets/Prefab/HitParticles.prefab using Guid(e88bce5371f8b3f4e93b9e90fc5b31e0) Importer(815301076,1909f56bfc062723c751e8b465ee728b)  -> (artifact id: '338539ea6a83f991b6075d6dd09b7755') in 0.003901 seconds
  Import took 0.006305 seconds .

========================================================================
Received Import Request.
  Time since last request: 13.616181 seconds.
  path: Assets/Prefab/HitParticles.prefab
  artifactKey: Guid(e88bce5371f8b3f4e93b9e90fc5b31e0) Importer(815301076,1909f56bfc062723c751e8b465ee728b)
Start importing Assets/Prefab/HitParticles.prefab using Guid(e88bce5371f8b3f4e93b9e90fc5b31e0) Importer(815301076,1909f56bfc062723c751e8b465ee728b)  -> (artifact id: 'd331b07220aa6ed57ce5f04887f65ce6') in 0.004057 seconds
  Import took 0.006571 seconds .

========================================================================
Received Import Request.
  Time since last request: 0.186585 seconds.
  path: Assets/Prefab/HitParticles.prefab
  artifactKey: Guid(e88bce5371f8b3f4e93b9e90fc5b31e0) Importer(815301076,1909f56bfc062723c751e8b465ee728b)
Start importing Assets/Prefab/HitParticles.prefab using Guid(e88bce5371f8b3f4e93b9e90fc5b31e0) Importer(815301076,1909f56bfc062723c751e8b465ee728b)  -> (artifact id: 'd84b7e886029fbfe09668443d22e4e38') in 0.004016 seconds
  Import took 0.006557 seconds .

========================================================================
Received Import Request.
  Time since last request: 4.642105 seconds.
  path: Assets/Prefab/HitParticles.prefab
  artifactKey: Guid(e88bce5371f8b3f4e93b9e90fc5b31e0) Importer(815301076,1909f56bfc062723c751e8b465ee728b)
Start importing Assets/Prefab/HitParticles.prefab using Guid(e88bce5371f8b3f4e93b9e90fc5b31e0) Importer(815301076,1909f56bfc062723c751e8b465ee728b)  -> (artifact id: '11a15807ca6d984fab9d06cb17912b45') in 0.003801 seconds
  Import took 0.006521 seconds .

========================================================================
Received Import Request.
  Time since last request: 0.994806 seconds.
  path: Assets/Prefab/HitParticles.prefab
  artifactKey: Guid(e88bce5371f8b3f4e93b9e90fc5b31e0) Importer(815301076,1909f56bfc062723c751e8b465ee728b)
Start importing Assets/Prefab/HitParticles.prefab using Guid(e88bce5371f8b3f4e93b9e90fc5b31e0) Importer(815301076,1909f56bfc062723c751e8b465ee728b)  -> (artifact id: '01ca714c29f1e5aa6dff2bb07ca07c45') in 0.004027 seconds
  Import took 0.006527 seconds .

========================================================================
Received Import Request.
  Time since last request: 6.263625 seconds.
  path: Assets/Prefab/HitParticles.prefab
  artifactKey: Guid(e88bce5371f8b3f4e93b9e90fc5b31e0) Importer(815301076,1909f56bfc062723c751e8b465ee728b)
Start importing Assets/Prefab/HitParticles.prefab using Guid(e88bce5371f8b3f4e93b9e90fc5b31e0) Importer(815301076,1909f56bfc062723c751e8b465ee728b)  -> (artifact id: '7f2a029bd0636a342b3ff8515a94c31f') in 0.003649 seconds
  Import took 0.006185 seconds .

========================================================================
Received Import Request.
  Time since last request: 4.246453 seconds.
  path: Assets/Prefab/HitParticles.prefab
  artifactKey: Guid(e88bce5371f8b3f4e93b9e90fc5b31e0) Importer(815301076,1909f56bfc062723c751e8b465ee728b)
Start importing Assets/Prefab/HitParticles.prefab using Guid(e88bce5371f8b3f4e93b9e90fc5b31e0) Importer(815301076,1909f56bfc062723c751e8b465ee728b)  -> (artifact id: 'f46f7bf9cb8450c8e19cb3a9ceb14c84') in 0.003931 seconds
  Import took 0.006553 seconds .

========================================================================
Received Import Request.
  Time since last request: 6.034429 seconds.
  path: Assets/Prefab/HitParticles.prefab
  artifactKey: Guid(e88bce5371f8b3f4e93b9e90fc5b31e0) Importer(815301076,1909f56bfc062723c751e8b465ee728b)
Start importing Assets/Prefab/HitParticles.prefab using Guid(e88bce5371f8b3f4e93b9e90fc5b31e0) Importer(815301076,1909f56bfc062723c751e8b465ee728b)  -> (artifact id: 'a3b389def4b13871cb1e79efc7d2599c') in 0.003805 seconds
  Import took 0.006491 seconds .

========================================================================
Received Import Request.
  Time since last request: 4.218763 seconds.
  path: Assets/Prefab/HitParticles.prefab
  artifactKey: Guid(e88bce5371f8b3f4e93b9e90fc5b31e0) Importer(815301076,1909f56bfc062723c751e8b465ee728b)
Start importing Assets/Prefab/HitParticles.prefab using Guid(e88bce5371f8b3f4e93b9e90fc5b31e0) Importer(815301076,1909f56bfc062723c751e8b465ee728b)  -> (artifact id: 'af36a4b90bd6d269512a5207f5bab524') in 0.004253 seconds
  Import took 0.006850 seconds .

========================================================================
Received Import Request.
  Time since last request: 5.513256 seconds.
  path: Assets/Prefab/HitParticles.prefab
  artifactKey: Guid(e88bce5371f8b3f4e93b9e90fc5b31e0) Importer(815301076,1909f56bfc062723c751e8b465ee728b)
Start importing Assets/Prefab/HitParticles.prefab using Guid(e88bce5371f8b3f4e93b9e90fc5b31e0) Importer(815301076,1909f56bfc062723c751e8b465ee728b)  -> (artifact id: '662eda1ae6d66494bc68db250502e80c') in 0.003847 seconds
  Import took 0.006369 seconds .

========================================================================
Received Import Request.
  Time since last request: 0.186212 seconds.
  path: Assets/Prefab/HitParticles.prefab
  artifactKey: Guid(e88bce5371f8b3f4e93b9e90fc5b31e0) Importer(815301076,1909f56bfc062723c751e8b465ee728b)
Start importing Assets/Prefab/HitParticles.prefab using Guid(e88bce5371f8b3f4e93b9e90fc5b31e0) Importer(815301076,1909f56bfc062723c751e8b465ee728b)  -> (artifact id: 'aeb877b8e818818aef36283d25023d03') in 0.003858 seconds
  Import took 0.006373 seconds .

========================================================================
Received Import Request.
  Time since last request: 2.006241 seconds.
  path: Assets/Prefab/HitParticles.prefab
  artifactKey: Guid(e88bce5371f8b3f4e93b9e90fc5b31e0) Importer(815301076,1909f56bfc062723c751e8b465ee728b)
Start importing Assets/Prefab/HitParticles.prefab using Guid(e88bce5371f8b3f4e93b9e90fc5b31e0) Importer(815301076,1909f56bfc062723c751e8b465ee728b)  -> (artifact id: '4089d1a412d32f240d8a37ab238fdd7a') in 0.003836 seconds
  Import took 0.006362 seconds .

========================================================================
Received Import Request.
  Time since last request: 0.601799 seconds.
  path: Assets/Prefab/HitParticles.prefab
  artifactKey: Guid(e88bce5371f8b3f4e93b9e90fc5b31e0) Importer(815301076,1909f56bfc062723c751e8b465ee728b)
Start importing Assets/Prefab/HitParticles.prefab using Guid(e88bce5371f8b3f4e93b9e90fc5b31e0) Importer(815301076,1909f56bfc062723c751e8b465ee728b)  -> (artifact id: 'c3688713800aba651f70f6a8e5cdd147') in 0.004096 seconds
  Import took 0.006522 seconds .

========================================================================
Received Import Request.
  Time since last request: 12.088656 seconds.
  path: Assets/Prefab/HitParticles.prefab
  artifactKey: Guid(e88bce5371f8b3f4e93b9e90fc5b31e0) Importer(815301076,1909f56bfc062723c751e8b465ee728b)
Start importing Assets/Prefab/HitParticles.prefab using Guid(e88bce5371f8b3f4e93b9e90fc5b31e0) Importer(815301076,1909f56bfc062723c751e8b465ee728b)  -> (artifact id: 'cc80b8998bf44e1c50f8ca77444b9905') in 0.003792 seconds
  Import took 0.006645 seconds .

========================================================================
Received Import Request.
  Time since last request: 1.799783 seconds.
  path: Assets/Prefab/HitParticles.prefab
  artifactKey: Guid(e88bce5371f8b3f4e93b9e90fc5b31e0) Importer(815301076,1909f56bfc062723c751e8b465ee728b)
Start importing Assets/Prefab/HitParticles.prefab using Guid(e88bce5371f8b3f4e93b9e90fc5b31e0) Importer(815301076,1909f56bfc062723c751e8b465ee728b)  -> (artifact id: 'a49c63f8b618419692e8e7caf13c0a55') in 0.003871 seconds
  Import took 0.006378 seconds .

========================================================================
Received Prepare
Registering precompiled user dll's ...
Registered in 0.001885 seconds.
Begin MonoManager ReloadAssembly
Native extension for WindowsStandalone target not found
Refreshing native plugins compatible for Editor in 0.36 ms, found 0 plugins.
Preloading 0 native plugins for Editor in 0.00 ms.
Invoked RoslynAnalysisRunner static constructor.
RoslynAnalysisRunner will not be running.
RoslynAnalysisRunner has terminated.
Mono: successfully reloaded assembly
- Completed reload, in  0.646 seconds
Platform modules already initialized, skipping
Refreshing native plugins compatible for Editor in 0.35 ms, found 0 plugins.
Preloading 0 native plugins for Editor in 0.00 ms.
Unloading 1355 Unused Serialized files (Serialized files now loaded: 0)
System memory in use before: 92.2 MB.
System memory in use after: 92.0 MB.

Unloading 11 unused Assets to reduce memory usage. Loaded Objects now: 1931.
Total: 1.867100 ms (FindLiveObjects: 0.204800 ms CreateObjectMapping: 0.033400 ms MarkObjects: 1.304400 ms  DeleteObjects: 0.323400 ms)

========================================================================
Received Import Request.
  Time since last request: 58.934406 seconds.
  path: Assets/Prefab/HitParticles.prefab
  artifactKey: Guid(e88bce5371f8b3f4e93b9e90fc5b31e0) Importer(815301076,1909f56bfc062723c751e8b465ee728b)
Start importing Assets/Prefab/HitParticles.prefab using Guid(e88bce5371f8b3f4e93b9e90fc5b31e0) Importer(815301076,1909f56bfc062723c751e8b465ee728b)  -> (artifact id: 'aeaef04b8e9e6d3a417256a9b49ae53c') in 0.024473 seconds
  Import took 0.027133 seconds .

========================================================================
Received Import Request.
  Time since last request: 3.159680 seconds.
  path: Assets/Prefab/HitParticles.prefab
  artifactKey: Guid(e88bce5371f8b3f4e93b9e90fc5b31e0) Importer(815301076,1909f56bfc062723c751e8b465ee728b)
Start importing Assets/Prefab/HitParticles.prefab using Guid(e88bce5371f8b3f4e93b9e90fc5b31e0) Importer(815301076,1909f56bfc062723c751e8b465ee728b)  -> (artifact id: '387c50fd8e3056fd8859b66080ecc856') in 0.003760 seconds
  Import took 0.006513 seconds .

========================================================================
Received Import Request.
  Time since last request: 27.152133 seconds.
  path: Assets/Prefab/HitParticles.prefab
  artifactKey: Guid(e88bce5371f8b3f4e93b9e90fc5b31e0) Importer(815301076,1909f56bfc062723c751e8b465ee728b)
Start importing Assets/Prefab/HitParticles.prefab using Guid(e88bce5371f8b3f4e93b9e90fc5b31e0) Importer(815301076,1909f56bfc062723c751e8b465ee728b)  -> (artifact id: 'cdd6cc57242fc01c54a063bfb088022d') in 0.003873 seconds
  Import took 0.006372 seconds .

========================================================================
Received Import Request.
  Time since last request: 4.641651 seconds.
  path: Assets/Prefab/HitParticles.prefab
  artifactKey: Guid(e88bce5371f8b3f4e93b9e90fc5b31e0) Importer(815301076,1909f56bfc062723c751e8b465ee728b)
Start importing Assets/Prefab/HitParticles.prefab using Guid(e88bce5371f8b3f4e93b9e90fc5b31e0) Importer(815301076,1909f56bfc062723c751e8b465ee728b)  -> (artifact id: 'bd1dbfc5c5a30022a7260909c22b437a') in 0.003665 seconds
  Import took 0.006273 seconds .

========================================================================
Received Import Request.
  Time since last request: 2.805497 seconds.
  path: Assets/Prefab/HitParticles.prefab
  artifactKey: Guid(e88bce5371f8b3f4e93b9e90fc5b31e0) Importer(815301076,1909f56bfc062723c751e8b465ee728b)
Start importing Assets/Prefab/HitParticles.prefab using Guid(e88bce5371f8b3f4e93b9e90fc5b31e0) Importer(815301076,1909f56bfc062723c751e8b465ee728b)  -> (artifact id: '6cf091bbcc113c0c2e777ed8a643d42e') in 0.003841 seconds
  Import took 0.006337 seconds .

========================================================================
Received Prepare
Registering precompiled user dll's ...
Registered in 0.001714 seconds.
Begin MonoManager ReloadAssembly
Native extension for WindowsStandalone target not found
Refreshing native plugins compatible for Editor in 0.37 ms, found 0 plugins.
Preloading 0 native plugins for Editor in 0.00 ms.
Invoked RoslynAnalysisRunner static constructor.
RoslynAnalysisRunner will not be running.
RoslynAnalysisRunner has terminated.
Mono: successfully reloaded assembly
- Completed reload, in  0.666 seconds
Platform modules already initialized, skipping
Refreshing native plugins compatible for Editor in 0.42 ms, found 0 plugins.
Preloading 0 native plugins for Editor in 0.00 ms.
Unloading 1355 Unused Serialized files (Serialized files now loaded: 0)
System memory in use before: 92.3 MB.
System memory in use after: 92.0 MB.

Unloading 11 unused Assets to reduce memory usage. Loaded Objects now: 1933.
Total: 2.060300 ms (FindLiveObjects: 0.241200 ms CreateObjectMapping: 0.033200 ms MarkObjects: 1.416400 ms  DeleteObjects: 0.368500 ms)

========================================================================
Received Prepare
Refreshing native plugins compatible for Editor in 1.15 ms, found 0 plugins.
Preloading 0 native plugins for Editor in 0.00 ms.
Unloading 9 Unused Serialized files (Serialized files now loaded: 0)
System memory in use before: 65.6 MB.
System memory in use after: 65.4 MB.

Unloading 9 unused Assets to reduce memory usage. Loaded Objects now: 1933.
Total: 2.517500 ms (FindLiveObjects: 0.226600 ms CreateObjectMapping: 0.032500 ms MarkObjects: 1.810100 ms  DeleteObjects: 0.446800 ms)

========================================================================
Received Prepare
Registering precompiled user dll's ...
Registered in 0.001618 seconds.
Begin MonoManager ReloadAssembly
Native extension for WindowsStandalone target not found
Refreshing native plugins compatible for Editor in 0.34 ms, found 0 plugins.
Preloading 0 native plugins for Editor in 0.00 ms.
Invoked RoslynAnalysisRunner static constructor.
RoslynAnalysisRunner will not be running.
RoslynAnalysisRunner has terminated.
Mono: successfully reloaded assembly
- Completed reload, in  0.647 seconds
Platform modules already initialized, skipping
Refreshing native plugins compatible for Editor in 0.34 ms, found 0 plugins.
Preloading 0 native plugins for Editor in 0.00 ms.
Unloading 1355 Unused Serialized files (Serialized files now loaded: 0)
System memory in use before: 92.2 MB.
System memory in use after: 92.0 MB.

Unloading 11 unused Assets to reduce memory usage. Loaded Objects now: 1935.
Total: 1.781000 ms (FindLiveObjects: 0.172500 ms CreateObjectMapping: 0.030500 ms MarkObjects: 1.237100 ms  DeleteObjects: 0.340200 ms)

========================================================================
Received Prepare
Refreshing native plugins compatible for Editor in 1.28 ms, found 0 plugins.
Preloading 0 native plugins for Editor in 0.00 ms.
Unloading 9 Unused Serialized files (Serialized files now loaded: 0)
System memory in use before: 65.6 MB.
System memory in use after: 65.4 MB.

Unloading 9 unused Assets to reduce memory usage. Loaded Objects now: 1935.
Total: 2.182300 ms (FindLiveObjects: 0.295200 ms CreateObjectMapping: 0.043100 ms MarkObjects: 1.453900 ms  DeleteObjects: 0.388600 ms)

========================================================================
Received Prepare
Registering precompiled user dll's ...
Registered in 0.001847 seconds.
Begin MonoManager ReloadAssembly
Native extension for WindowsStandalone target not found
Refreshing native plugins compatible for Editor in 0.39 ms, found 0 plugins.
Preloading 0 native plugins for Editor in 0.00 ms.
Invoked RoslynAnalysisRunner static constructor.
RoslynAnalysisRunner will not be running.
RoslynAnalysisRunner has terminated.
Mono: successfully reloaded assembly
- Completed reload, in  0.694 seconds
Platform modules already initialized, skipping
Refreshing native plugins compatible for Editor in 0.37 ms, found 0 plugins.
Preloading 0 native plugins for Editor in 0.00 ms.
Unloading 1355 Unused Serialized files (Serialized files now loaded: 0)
System memory in use before: 92.3 MB.
System memory in use after: 92.0 MB.

Unloading 11 unused Assets to reduce memory usage. Loaded Objects now: 1937.
Total: 1.957700 ms (FindLiveObjects: 0.200800 ms CreateObjectMapping: 0.034200 ms MarkObjects: 1.376800 ms  DeleteObjects: 0.345000 ms)

AssetImportWorkerClient::OnTransportError - code=2 error=End of file
