Using pre-set license
Built from '2020.2/release' branch; Version is '2020.2.2f1 (068178b99f32) revision 426360'; Using compiler version '192528614'; Build Type 'Release'
OS: 'Windows 10 Home China; OS build 19041.804; Version 2004; 64bit' Language: 'zh' Physical Memory: 16333 MB
BatchMode: 1, IsHumanControllingUs: 0, StartBugReporterOnCrash: 0, Is64bit: 1, IsPro: 0

 COMMAND LINE ARGUMENTS:
F:\UnityHub\Unity\2020.2.2f1\Editor\Unity.exe
-adb2
-batchMode
-noUpm
-name
AssetImportWorker0
-projectPath
E:/Unity Udemy/UnityLearn/MultiPlayerFPS/MultiPlayerFPS
-logFile
Logs/AssetImportWorker0.log
-srvPort
8635
Successfully changed project path to: E:/Unity Udemy/UnityLearn/MultiPlayerFPS/MultiPlayerFPS
E:/Unity Udemy/UnityLearn/MultiPlayerFPS/MultiPlayerFPS
Using Asset Import Pipeline V2.
Refreshing native plugins compatible for Editor in 29.29 ms, found 0 plugins.
Preloading 0 native plugins for Editor in 0.00 ms.
Initialize engine version: 2020.2.2f1 (068178b99f32)
[Subsystems] Discovering subsystems at path F:/UnityHub/Unity/2020.2.2f1/Editor/Data/Resources/UnitySubsystems
[Subsystems] Discovering subsystems at path E:/Unity Udemy/UnityLearn/MultiPlayerFPS/MultiPlayerFPS/Assets
GfxDevice: creating device client; threaded=0
Direct3D:
    Version:  Direct3D 11.0 [level 11.1]
    Renderer: NVIDIA GeForce RTX 2070 SUPER (ID=0x1e84)
    Vendor:   
    VRAM:     8011 MB
    Driver:   27.21.14.6140
Initialize mono
Mono path[0] = 'F:/UnityHub/Unity/2020.2.2f1/Editor/Data/Managed'
Mono path[1] = 'F:/UnityHub/Unity/2020.2.2f1/Editor/Data/MonoBleedingEdge/lib/mono/unityjit'
Mono config path = 'F:/UnityHub/Unity/2020.2.2f1/Editor/Data/MonoBleedingEdge/etc'
Using monoOptions --debugger-agent=transport=dt_socket,embedding=1,server=y,suspend=n,address=127.0.0.1:56260
Begin MonoManager ReloadAssembly
Registering precompiled unity dll's ...
Register platform support module: F:/UnityHub/Unity/2020.2.2f1/Editor/Data/PlaybackEngines/WindowsStandaloneSupport/UnityEditor.WindowsStandalone.Extensions.dll
Registered in 0.002893 seconds.
Native extension for WindowsStandalone target not found
Refreshing native plugins compatible for Editor in 28.16 ms, found 0 plugins.
Preloading 0 native plugins for Editor in 0.00 ms.
Invoked RoslynAnalysisRunner static constructor.
RoslynAnalysisRunner will not be running.
RoslynAnalysisRunner has terminated.
Mono: successfully reloaded assembly
- Completed reload, in  0.927 seconds
Platform modules already initialized, skipping
Registering precompiled user dll's ...
Registered in 0.001712 seconds.
Begin MonoManager ReloadAssembly
Native extension for WindowsStandalone target not found
Refreshing native plugins compatible for Editor in 0.41 ms, found 0 plugins.
Preloading 0 native plugins for Editor in 0.00 ms.
Invoked RoslynAnalysisRunner static constructor.
RoslynAnalysisRunner will not be running.
RoslynAnalysisRunner has terminated.
Mono: successfully reloaded assembly
- Completed reload, in  0.689 seconds
Platform modules already initialized, skipping
========================================================================
Worker process is ready to serve import requests
Launched and connected shader compiler UnityShaderCompiler.exe after 0.03 seconds
Refreshing native plugins compatible for Editor in 0.35 ms, found 0 plugins.
Preloading 0 native plugins for Editor in 0.00 ms.
Unloading 1379 Unused Serialized files (Serialized files now loaded: 0)
System memory in use before: 89.1 MB.
System memory in use after: 88.8 MB.

Unloading 16 unused Assets to reduce memory usage. Loaded Objects now: 1837.
Total: 1.900600 ms (FindLiveObjects: 0.179900 ms CreateObjectMapping: 0.030800 ms MarkObjects: 1.429000 ms  DeleteObjects: 0.260300 ms)

========================================================================
Received Import Request.
  path: Assets/Scripts/PlayerController.cs
  artifactKey: Guid(0b2a85a5c876fc545b94ee83c5908b59) Importer(815301076,1909f56bfc062723c751e8b465ee728b)
Start importing Assets/Scripts/PlayerController.cs using Guid(0b2a85a5c876fc545b94ee83c5908b59) Importer(815301076,1909f56bfc062723c751e8b465ee728b)  -> (artifact id: '4a45f921b4823588e69568e0f41d790f') in 0.061097 seconds
  Import took 0.063139 seconds .

========================================================================
Received Import Request.
  Time since last request: 68.395440 seconds.
  path: Assets/Prefab/PlayerUI.prefab
  artifactKey: Guid(f27a96f06298608459ae5a4d488485f4) Importer(815301076,1909f56bfc062723c751e8b465ee728b)
Start importing Assets/Prefab/PlayerUI.prefab using Guid(f27a96f06298608459ae5a4d488485f4) Importer(815301076,1909f56bfc062723c751e8b465ee728b)  -> (artifact id: '033c9e715432ae8f8a07b7d47b135bb5') in 0.030999 seconds
  Import took 0.033329 seconds .

========================================================================
Received Import Request.
  Time since last request: 13.623522 seconds.
  path: Assets/Prefab/PlayerUI.prefab
  artifactKey: Guid(f27a96f06298608459ae5a4d488485f4) Importer(815301076,1909f56bfc062723c751e8b465ee728b)
Start importing Assets/Prefab/PlayerUI.prefab using Guid(f27a96f06298608459ae5a4d488485f4) Importer(815301076,1909f56bfc062723c751e8b465ee728b)  -> (artifact id: 'a0a84ee96e568803d11aec25f40c8d90') in 0.004131 seconds
  Import took 0.006416 seconds .

========================================================================
Received Import Request.
  Time since last request: 23.555266 seconds.
  path: Assets/Prefab/PlayerUI.prefab
  artifactKey: Guid(f27a96f06298608459ae5a4d488485f4) Importer(815301076,1909f56bfc062723c751e8b465ee728b)
Start importing Assets/Prefab/PlayerUI.prefab using Guid(f27a96f06298608459ae5a4d488485f4) Importer(815301076,1909f56bfc062723c751e8b465ee728b)  -> (artifact id: '4ae70725dc72315a4ed24b4f0d8fa27c') in 0.004746 seconds
  Import took 0.007730 seconds .

========================================================================
Received Import Request.
  Time since last request: 19.738156 seconds.
  path: Assets/Prefab/PlayerUI.prefab
  artifactKey: Guid(f27a96f06298608459ae5a4d488485f4) Importer(815301076,1909f56bfc062723c751e8b465ee728b)
Start importing Assets/Prefab/PlayerUI.prefab using Guid(f27a96f06298608459ae5a4d488485f4) Importer(815301076,1909f56bfc062723c751e8b465ee728b)  -> (artifact id: '443917c09263fed3574cece1b8c39a44') in 0.004215 seconds
  Import took 0.006841 seconds .

========================================================================
Received Import Request.
  Time since last request: 3.210112 seconds.
  path: Assets/Prefab/PlayerUI.prefab
  artifactKey: Guid(f27a96f06298608459ae5a4d488485f4) Importer(815301076,1909f56bfc062723c751e8b465ee728b)
Start importing Assets/Prefab/PlayerUI.prefab using Guid(f27a96f06298608459ae5a4d488485f4) Importer(815301076,1909f56bfc062723c751e8b465ee728b)  -> (artifact id: '2776d6081026e6a323577bcd7f79afd7') in 0.004008 seconds
  Import took 0.006658 seconds .

========================================================================
Received Import Request.
  Time since last request: 1.785419 seconds.
  path: Assets/Prefab/PlayerUI.prefab
  artifactKey: Guid(f27a96f06298608459ae5a4d488485f4) Importer(815301076,1909f56bfc062723c751e8b465ee728b)
Start importing Assets/Prefab/PlayerUI.prefab using Guid(f27a96f06298608459ae5a4d488485f4) Importer(815301076,1909f56bfc062723c751e8b465ee728b)  -> (artifact id: '06e1ba93e6a9f5c123fdae1c6e774fb1') in 0.003726 seconds
  Import took 0.006164 seconds .

========================================================================
Received Prepare
Registering precompiled user dll's ...
Registered in 0.001613 seconds.
Begin MonoManager ReloadAssembly
Native extension for WindowsStandalone target not found
Refreshing native plugins compatible for Editor in 0.39 ms, found 0 plugins.
Preloading 0 native plugins for Editor in 0.00 ms.
Invoked RoslynAnalysisRunner static constructor.
RoslynAnalysisRunner will not be running.
RoslynAnalysisRunner has terminated.
Mono: successfully reloaded assembly
- Completed reload, in  0.637 seconds
Platform modules already initialized, skipping
Refreshing native plugins compatible for Editor in 0.35 ms, found 0 plugins.
Preloading 0 native plugins for Editor in 0.00 ms.
Unloading 1355 Unused Serialized files (Serialized files now loaded: 0)
System memory in use before: 88.5 MB.
System memory in use after: 88.2 MB.

Unloading 12 unused Assets to reduce memory usage. Loaded Objects now: 1839.
Total: 1.969100 ms (FindLiveObjects: 0.161700 ms CreateObjectMapping: 0.029100 ms MarkObjects: 1.498500 ms  DeleteObjects: 0.278900 ms)

========================================================================
Received Import Request.
  Time since last request: 69.797672 seconds.
  path: Assets/Prefab/PlayerUI.prefab
  artifactKey: Guid(f27a96f06298608459ae5a4d488485f4) Importer(815301076,1909f56bfc062723c751e8b465ee728b)
Start importing Assets/Prefab/PlayerUI.prefab using Guid(f27a96f06298608459ae5a4d488485f4) Importer(815301076,1909f56bfc062723c751e8b465ee728b)  -> (artifact id: 'ff495889264ec1ff78887f642e5e00e5') in 0.027867 seconds
  Import took 0.029930 seconds .

========================================================================
Received Import Request.
  Time since last request: 9.994125 seconds.
  path: Assets/Prefab/PlayerUI.prefab
  artifactKey: Guid(f27a96f06298608459ae5a4d488485f4) Importer(815301076,1909f56bfc062723c751e8b465ee728b)
Start importing Assets/Prefab/PlayerUI.prefab using Guid(f27a96f06298608459ae5a4d488485f4) Importer(815301076,1909f56bfc062723c751e8b465ee728b)  -> (artifact id: '4443005f57fcfbe3e5829aa58f487c13') in 0.004989 seconds
  Import took 0.008008 seconds .

========================================================================
Received Import Request.
  Time since last request: 10.187005 seconds.
  path: Assets/Prefab/PlayerUI.prefab
  artifactKey: Guid(f27a96f06298608459ae5a4d488485f4) Importer(815301076,1909f56bfc062723c751e8b465ee728b)
Start importing Assets/Prefab/PlayerUI.prefab using Guid(f27a96f06298608459ae5a4d488485f4) Importer(815301076,1909f56bfc062723c751e8b465ee728b)  -> (artifact id: '4a24356b5107bf605e0a4b34a7283e89') in 0.004712 seconds
  Import took 0.007682 seconds .

========================================================================
Received Import Request.
  Time since last request: 1.248589 seconds.
  path: Assets/Prefab/PlayerUI.prefab
  artifactKey: Guid(f27a96f06298608459ae5a4d488485f4) Importer(815301076,1909f56bfc062723c751e8b465ee728b)
Start importing Assets/Prefab/PlayerUI.prefab using Guid(f27a96f06298608459ae5a4d488485f4) Importer(815301076,1909f56bfc062723c751e8b465ee728b)  -> (artifact id: 'd00927fd9df2e07a8fe3bcd68edb9eb9') in 0.003733 seconds
  Import took 0.006017 seconds .

========================================================================
Received Import Request.
  Time since last request: 9.358191 seconds.
  path: Assets/Prefab/PlayerUI.prefab
  artifactKey: Guid(f27a96f06298608459ae5a4d488485f4) Importer(815301076,1909f56bfc062723c751e8b465ee728b)
Start importing Assets/Prefab/PlayerUI.prefab using Guid(f27a96f06298608459ae5a4d488485f4) Importer(815301076,1909f56bfc062723c751e8b465ee728b)  -> (artifact id: 'edf3a955b6734644804ec67d86ae47ef') in 0.004348 seconds
  Import took 0.007127 seconds .

========================================================================
Received Import Request.
  Time since last request: 10.290108 seconds.
  path: Assets/Prefab/PlayerUI.prefab
  artifactKey: Guid(f27a96f06298608459ae5a4d488485f4) Importer(815301076,1909f56bfc062723c751e8b465ee728b)
Start importing Assets/Prefab/PlayerUI.prefab using Guid(f27a96f06298608459ae5a4d488485f4) Importer(815301076,1909f56bfc062723c751e8b465ee728b)  -> (artifact id: '25fea4aa29ff14ef08b7a2f79b584114') in 0.004812 seconds
  Import took 0.007691 seconds .

========================================================================
Received Import Request.
  Time since last request: 20.355745 seconds.
  path: Assets/Prefab/PlayerUI.prefab
  artifactKey: Guid(f27a96f06298608459ae5a4d488485f4) Importer(815301076,1909f56bfc062723c751e8b465ee728b)
Start importing Assets/Prefab/PlayerUI.prefab using Guid(f27a96f06298608459ae5a4d488485f4) Importer(815301076,1909f56bfc062723c751e8b465ee728b)  -> (artifact id: '97acb038095395839078e0239958293c') in 0.004979 seconds
  Import took 0.007717 seconds .

========================================================================
Received Import Request.
  Time since last request: 17.536675 seconds.
  path: Assets/Prefab/PlayerUI.prefab
  artifactKey: Guid(f27a96f06298608459ae5a4d488485f4) Importer(815301076,1909f56bfc062723c751e8b465ee728b)
Start importing Assets/Prefab/PlayerUI.prefab using Guid(f27a96f06298608459ae5a4d488485f4) Importer(815301076,1909f56bfc062723c751e8b465ee728b)  -> (artifact id: 'fd38747659378bb6ddaeb8fa2960cdd8') in 0.004619 seconds
  Import took 0.007352 seconds .

========================================================================
Received Import Request.
  Time since last request: 3.670394 seconds.
  path: Assets/Prefab/PlayerUI.prefab
  artifactKey: Guid(f27a96f06298608459ae5a4d488485f4) Importer(815301076,1909f56bfc062723c751e8b465ee728b)
Start importing Assets/Prefab/PlayerUI.prefab using Guid(f27a96f06298608459ae5a4d488485f4) Importer(815301076,1909f56bfc062723c751e8b465ee728b)  -> (artifact id: 'a290950e4b7cde3f9732cb912d0092f1') in 0.004456 seconds
  Import took 0.007137 seconds .

========================================================================
Received Import Request.
  Time since last request: 6.839838 seconds.
  path: Assets/Prefab/PlayerUI.prefab
  artifactKey: Guid(f27a96f06298608459ae5a4d488485f4) Importer(815301076,1909f56bfc062723c751e8b465ee728b)
Start importing Assets/Prefab/PlayerUI.prefab using Guid(f27a96f06298608459ae5a4d488485f4) Importer(815301076,1909f56bfc062723c751e8b465ee728b)  -> (artifact id: 'ed4047d325ee786b79543e30dfcf0bae') in 0.005277 seconds
  Import took 0.007999 seconds .

========================================================================
Received Import Request.
  Time since last request: 0.814709 seconds.
  path: Assets/Prefab/PlayerUI.prefab
  artifactKey: Guid(f27a96f06298608459ae5a4d488485f4) Importer(815301076,1909f56bfc062723c751e8b465ee728b)
Start importing Assets/Prefab/PlayerUI.prefab using Guid(f27a96f06298608459ae5a4d488485f4) Importer(815301076,1909f56bfc062723c751e8b465ee728b)  -> (artifact id: 'cdead490476e5f48440ee793b77ecc3b') in 0.003607 seconds
  Import took 0.005969 seconds .

========================================================================
Received Import Request.
  Time since last request: 10.931837 seconds.
  path: Assets/Prefab/PlayerUI.prefab
  artifactKey: Guid(f27a96f06298608459ae5a4d488485f4) Importer(815301076,1909f56bfc062723c751e8b465ee728b)
Start importing Assets/Prefab/PlayerUI.prefab using Guid(f27a96f06298608459ae5a4d488485f4) Importer(815301076,1909f56bfc062723c751e8b465ee728b)  -> (artifact id: 'ae2e8f941a8845e4f9b1f5f5378fc63f') in 0.003482 seconds
  Import took 0.006027 seconds .

========================================================================
Received Import Request.
  Time since last request: 3.016118 seconds.
  path: Assets/Prefab/PlayerUI.prefab
  artifactKey: Guid(f27a96f06298608459ae5a4d488485f4) Importer(815301076,1909f56bfc062723c751e8b465ee728b)
Start importing Assets/Prefab/PlayerUI.prefab using Guid(f27a96f06298608459ae5a4d488485f4) Importer(815301076,1909f56bfc062723c751e8b465ee728b)  -> (artifact id: '406b75cbee8f9a8d25877bc74454f882') in 0.004360 seconds
  Import took 0.007053 seconds .

========================================================================
Received Import Request.
  Time since last request: 6.057567 seconds.
  path: Assets/Prefab/PlayerUI.prefab
  artifactKey: Guid(f27a96f06298608459ae5a4d488485f4) Importer(815301076,1909f56bfc062723c751e8b465ee728b)
Start importing Assets/Prefab/PlayerUI.prefab using Guid(f27a96f06298608459ae5a4d488485f4) Importer(815301076,1909f56bfc062723c751e8b465ee728b)  -> (artifact id: '1576a88bb1af4151297c574d2a9afd66') in 0.004681 seconds
  Import took 0.007435 seconds .

========================================================================
Received Import Request.
  Time since last request: 10.493366 seconds.
  path: Assets/Prefab/PlayerUI.prefab
  artifactKey: Guid(f27a96f06298608459ae5a4d488485f4) Importer(815301076,1909f56bfc062723c751e8b465ee728b)
Start importing Assets/Prefab/PlayerUI.prefab using Guid(f27a96f06298608459ae5a4d488485f4) Importer(815301076,1909f56bfc062723c751e8b465ee728b)  -> (artifact id: 'e779e9a3686889a939b91bc89d907a50') in 0.004569 seconds
  Import took 0.007018 seconds .

========================================================================
Received Import Request.
  Time since last request: 5.661931 seconds.
  path: Assets/Prefab/PlayerUI.prefab
  artifactKey: Guid(f27a96f06298608459ae5a4d488485f4) Importer(815301076,1909f56bfc062723c751e8b465ee728b)
Start importing Assets/Prefab/PlayerUI.prefab using Guid(f27a96f06298608459ae5a4d488485f4) Importer(815301076,1909f56bfc062723c751e8b465ee728b)  -> (artifact id: '5804ed4c67425f18eb05e32275f2bc1e') in 0.004556 seconds
  Import took 0.007704 seconds .

========================================================================
Received Import Request.
  Time since last request: 96.106601 seconds.
  path: Assets/Prefab/PlayerUI.prefab
  artifactKey: Guid(f27a96f06298608459ae5a4d488485f4) Importer(815301076,1909f56bfc062723c751e8b465ee728b)
Start importing Assets/Prefab/PlayerUI.prefab using Guid(f27a96f06298608459ae5a4d488485f4) Importer(815301076,1909f56bfc062723c751e8b465ee728b)  -> (artifact id: '14d3821c4f4a25d26a2967faa335fd3d') in 0.003806 seconds
  Import took 0.006260 seconds .

========================================================================
Received Import Request.
  Time since last request: 11.296854 seconds.
  path: Assets/Prefab/PlayerUI.prefab
  artifactKey: Guid(f27a96f06298608459ae5a4d488485f4) Importer(815301076,1909f56bfc062723c751e8b465ee728b)
Start importing Assets/Prefab/PlayerUI.prefab using Guid(f27a96f06298608459ae5a4d488485f4) Importer(815301076,1909f56bfc062723c751e8b465ee728b)  -> (artifact id: '67a331c5ca37eb11351384c6c21b785f') in 0.004012 seconds
  Import took 0.006623 seconds .

========================================================================
Received Import Request.
  Time since last request: 7.051613 seconds.
  path: Assets/Prefab/PlayerUI.prefab
  artifactKey: Guid(f27a96f06298608459ae5a4d488485f4) Importer(815301076,1909f56bfc062723c751e8b465ee728b)
Start importing Assets/Prefab/PlayerUI.prefab using Guid(f27a96f06298608459ae5a4d488485f4) Importer(815301076,1909f56bfc062723c751e8b465ee728b)  -> (artifact id: 'c52e9d74b2a0f7285185e5afc3b01309') in 0.004700 seconds
  Import took 0.007425 seconds .

========================================================================
Received Import Request.
  Time since last request: 3.618978 seconds.
  path: Assets/Prefab/PlayerUI.prefab
  artifactKey: Guid(f27a96f06298608459ae5a4d488485f4) Importer(815301076,1909f56bfc062723c751e8b465ee728b)
Start importing Assets/Prefab/PlayerUI.prefab using Guid(f27a96f06298608459ae5a4d488485f4) Importer(815301076,1909f56bfc062723c751e8b465ee728b)  -> (artifact id: 'f0bf8e424242aaf4331f0116df94a587') in 0.004580 seconds
  Import took 0.007293 seconds .

========================================================================
Received Import Request.
  Time since last request: 2.611733 seconds.
  path: Assets/Prefab/PlayerUI.prefab
  artifactKey: Guid(f27a96f06298608459ae5a4d488485f4) Importer(815301076,1909f56bfc062723c751e8b465ee728b)
Start importing Assets/Prefab/PlayerUI.prefab using Guid(f27a96f06298608459ae5a4d488485f4) Importer(815301076,1909f56bfc062723c751e8b465ee728b)  -> (artifact id: '0bc65704cbb2850b5b78c857f086a1bc') in 0.004702 seconds
  Import took 0.007451 seconds .

========================================================================
Received Import Request.
  Time since last request: 7.796438 seconds.
  path: Assets/Prefab/PlayerUI.prefab
  artifactKey: Guid(f27a96f06298608459ae5a4d488485f4) Importer(815301076,1909f56bfc062723c751e8b465ee728b)
Start importing Assets/Prefab/PlayerUI.prefab using Guid(f27a96f06298608459ae5a4d488485f4) Importer(815301076,1909f56bfc062723c751e8b465ee728b)  -> (artifact id: '00b5f167b811e98fbccac090619673ba') in 0.003992 seconds
  Import took 0.008982 seconds .

========================================================================
Received Import Request.
  Time since last request: 2.344248 seconds.
  path: Assets/Prefab/PlayerUI.prefab
  artifactKey: Guid(f27a96f06298608459ae5a4d488485f4) Importer(815301076,1909f56bfc062723c751e8b465ee728b)
Start importing Assets/Prefab/PlayerUI.prefab using Guid(f27a96f06298608459ae5a4d488485f4) Importer(815301076,1909f56bfc062723c751e8b465ee728b)  -> (artifact id: '17aae03b5b6c6a3953d802e3f3792700') in 0.003533 seconds
  Import took 0.005792 seconds .

========================================================================
Received Import Request.
  Time since last request: 1.652402 seconds.
  path: Assets/Prefab/PlayerUI.prefab
  artifactKey: Guid(f27a96f06298608459ae5a4d488485f4) Importer(815301076,1909f56bfc062723c751e8b465ee728b)
Start importing Assets/Prefab/PlayerUI.prefab using Guid(f27a96f06298608459ae5a4d488485f4) Importer(815301076,1909f56bfc062723c751e8b465ee728b)  -> (artifact id: '79691a1bfe93f1b29b199372540e706b') in 0.003653 seconds
  Import took 0.005947 seconds .

========================================================================
Received Import Request.
  Time since last request: 3.281854 seconds.
  path: Assets/Prefab/PlayerUI.prefab
  artifactKey: Guid(f27a96f06298608459ae5a4d488485f4) Importer(815301076,1909f56bfc062723c751e8b465ee728b)
Start importing Assets/Prefab/PlayerUI.prefab using Guid(f27a96f06298608459ae5a4d488485f4) Importer(815301076,1909f56bfc062723c751e8b465ee728b)  -> (artifact id: '439ac722821e2890407cf376dd9f3fb1') in 0.004037 seconds
  Import took 0.006445 seconds .

========================================================================
Received Import Request.
  Time since last request: 18.676180 seconds.
  path: Assets/Prefab/PlayerUI.prefab
  artifactKey: Guid(f27a96f06298608459ae5a4d488485f4) Importer(815301076,1909f56bfc062723c751e8b465ee728b)
Start importing Assets/Prefab/PlayerUI.prefab using Guid(f27a96f06298608459ae5a4d488485f4) Importer(815301076,1909f56bfc062723c751e8b465ee728b)  -> (artifact id: '9e9228924caee31221f0af1d0faefffd') in 0.003841 seconds
  Import took 0.006191 seconds .

========================================================================
Received Import Request.
  Time since last request: 17.487003 seconds.
  path: Assets/Prefab/PlayerUI.prefab
  artifactKey: Guid(f27a96f06298608459ae5a4d488485f4) Importer(815301076,1909f56bfc062723c751e8b465ee728b)
Start importing Assets/Prefab/PlayerUI.prefab using Guid(f27a96f06298608459ae5a4d488485f4) Importer(815301076,1909f56bfc062723c751e8b465ee728b)  -> (artifact id: '061df6d6e5a3ea73b0f2a034e2b12f82') in 0.003642 seconds
  Import took 0.005915 seconds .

========================================================================
Received Import Request.
  Time since last request: 15.934738 seconds.
  path: Assets/Prefab/PlayerUI.prefab
  artifactKey: Guid(f27a96f06298608459ae5a4d488485f4) Importer(815301076,1909f56bfc062723c751e8b465ee728b)
Start importing Assets/Prefab/PlayerUI.prefab using Guid(f27a96f06298608459ae5a4d488485f4) Importer(815301076,1909f56bfc062723c751e8b465ee728b)  -> (artifact id: '466d4cc132cb35f31bba4a00158eec5f') in 0.004511 seconds
  Import took 0.007387 seconds .

========================================================================
Received Import Request.
  Time since last request: 0.790276 seconds.
  path: Assets/Prefab/PlayerUI.prefab
  artifactKey: Guid(f27a96f06298608459ae5a4d488485f4) Importer(815301076,1909f56bfc062723c751e8b465ee728b)
Start importing Assets/Prefab/PlayerUI.prefab using Guid(f27a96f06298608459ae5a4d488485f4) Importer(815301076,1909f56bfc062723c751e8b465ee728b)  -> (artifact id: '46207937ab2cd1c71c8e1b2043ae5b9e') in 0.003914 seconds
  Import took 0.006209 seconds .

========================================================================
Received Import Request.
  Time since last request: 10.486362 seconds.
  path: Assets/Prefab/PlayerUI.prefab
  artifactKey: Guid(f27a96f06298608459ae5a4d488485f4) Importer(815301076,1909f56bfc062723c751e8b465ee728b)
Start importing Assets/Prefab/PlayerUI.prefab using Guid(f27a96f06298608459ae5a4d488485f4) Importer(815301076,1909f56bfc062723c751e8b465ee728b)  -> (artifact id: '016fa5ee7fe6cb05876c9dcddbffef4b') in 0.004950 seconds
  Import took 0.007847 seconds .

========================================================================
Received Import Request.
  Time since last request: 5.238015 seconds.
  path: Assets/Prefab/PlayerUI.prefab
  artifactKey: Guid(f27a96f06298608459ae5a4d488485f4) Importer(815301076,1909f56bfc062723c751e8b465ee728b)
Start importing Assets/Prefab/PlayerUI.prefab using Guid(f27a96f06298608459ae5a4d488485f4) Importer(815301076,1909f56bfc062723c751e8b465ee728b)  -> (artifact id: '65781df6892915823a4c912f8e748db8') in 0.004443 seconds
  Import took 0.007085 seconds .

========================================================================
Received Import Request.
  Time since last request: 2.181141 seconds.
  path: Assets/Prefab/PlayerUI.prefab
  artifactKey: Guid(f27a96f06298608459ae5a4d488485f4) Importer(815301076,1909f56bfc062723c751e8b465ee728b)
Start importing Assets/Prefab/PlayerUI.prefab using Guid(f27a96f06298608459ae5a4d488485f4) Importer(815301076,1909f56bfc062723c751e8b465ee728b)  -> (artifact id: 'ef0d3d90c372b7265e65df4320a4963d') in 0.003774 seconds
  Import took 0.006163 seconds .

========================================================================
Received Import Request.
  Time since last request: 6.243170 seconds.
  path: Assets/Prefab/PlayerUI.prefab
  artifactKey: Guid(f27a96f06298608459ae5a4d488485f4) Importer(815301076,1909f56bfc062723c751e8b465ee728b)
Start importing Assets/Prefab/PlayerUI.prefab using Guid(f27a96f06298608459ae5a4d488485f4) Importer(815301076,1909f56bfc062723c751e8b465ee728b)  -> (artifact id: '111de1957043f3024d7ce959e0a2dd1b') in 0.004512 seconds
  Import took 0.007349 seconds .

========================================================================
Received Import Request.
  Time since last request: 10.673585 seconds.
  path: Assets/Prefab/PlayerUI.prefab
  artifactKey: Guid(f27a96f06298608459ae5a4d488485f4) Importer(815301076,1909f56bfc062723c751e8b465ee728b)
Start importing Assets/Prefab/PlayerUI.prefab using Guid(f27a96f06298608459ae5a4d488485f4) Importer(815301076,1909f56bfc062723c751e8b465ee728b)  -> (artifact id: '59f9d23967ed2da5ce7309670c9503e6') in 0.003841 seconds
  Import took 0.006257 seconds .

========================================================================
Received Import Request.
  Time since last request: 2.610215 seconds.
  path: Assets/Prefab/PlayerUI.prefab
  artifactKey: Guid(f27a96f06298608459ae5a4d488485f4) Importer(815301076,1909f56bfc062723c751e8b465ee728b)
Start importing Assets/Prefab/PlayerUI.prefab using Guid(f27a96f06298608459ae5a4d488485f4) Importer(815301076,1909f56bfc062723c751e8b465ee728b)  -> (artifact id: '22b199e9187d7031bb8cce0c5c318651') in 0.004765 seconds
  Import took 0.007422 seconds .

========================================================================
Received Import Request.
  Time since last request: 1.994538 seconds.
  path: Assets/Prefab/PlayerUI.prefab
  artifactKey: Guid(f27a96f06298608459ae5a4d488485f4) Importer(815301076,1909f56bfc062723c751e8b465ee728b)
Start importing Assets/Prefab/PlayerUI.prefab using Guid(f27a96f06298608459ae5a4d488485f4) Importer(815301076,1909f56bfc062723c751e8b465ee728b)  -> (artifact id: '9e89041a77c946bda7be83945109a035') in 0.003752 seconds
  Import took 0.006201 seconds .

========================================================================
Received Import Request.
  Time since last request: 2.214827 seconds.
  path: Assets/Prefab/PlayerUI.prefab
  artifactKey: Guid(f27a96f06298608459ae5a4d488485f4) Importer(815301076,1909f56bfc062723c751e8b465ee728b)
Start importing Assets/Prefab/PlayerUI.prefab using Guid(f27a96f06298608459ae5a4d488485f4) Importer(815301076,1909f56bfc062723c751e8b465ee728b)  -> (artifact id: 'f7e422273595e26db89ef68ed3da84f2') in 0.003837 seconds
  Import took 0.006200 seconds .

========================================================================
Received Import Request.
  Time since last request: 2.811179 seconds.
  path: Assets/Prefab/PlayerUI.prefab
  artifactKey: Guid(f27a96f06298608459ae5a4d488485f4) Importer(815301076,1909f56bfc062723c751e8b465ee728b)
Start importing Assets/Prefab/PlayerUI.prefab using Guid(f27a96f06298608459ae5a4d488485f4) Importer(815301076,1909f56bfc062723c751e8b465ee728b)  -> (artifact id: '3f854126e770f92ce47ed29aa9423790') in 0.003704 seconds
  Import took 0.006058 seconds .

========================================================================
Received Import Request.
  Time since last request: 353.896421 seconds.
  path: Assets/Prefab/PlayerUI.prefab
  artifactKey: Guid(f27a96f06298608459ae5a4d488485f4) Importer(815301076,1909f56bfc062723c751e8b465ee728b)
Start importing Assets/Prefab/PlayerUI.prefab using Guid(f27a96f06298608459ae5a4d488485f4) Importer(815301076,1909f56bfc062723c751e8b465ee728b)  -> (artifact id: '55534d7b7547bb4809b8a159d037e81c') in 0.004773 seconds
  Import took 0.007247 seconds .

========================================================================
Received Import Request.
  Time since last request: 16.300800 seconds.
  path: Assets/Prefab/PlayerUI.prefab
  artifactKey: Guid(f27a96f06298608459ae5a4d488485f4) Importer(815301076,1909f56bfc062723c751e8b465ee728b)
Start importing Assets/Prefab/PlayerUI.prefab using Guid(f27a96f06298608459ae5a4d488485f4) Importer(815301076,1909f56bfc062723c751e8b465ee728b)  -> (artifact id: '8025f9f5a0467dff1b3b94c32fed98da') in 0.005244 seconds
  Import took 0.008051 seconds .

========================================================================
Received Import Request.
  Time since last request: 9.053900 seconds.
  path: Assets/Prefab/PlayerUI.prefab
  artifactKey: Guid(f27a96f06298608459ae5a4d488485f4) Importer(815301076,1909f56bfc062723c751e8b465ee728b)
Start importing Assets/Prefab/PlayerUI.prefab using Guid(f27a96f06298608459ae5a4d488485f4) Importer(815301076,1909f56bfc062723c751e8b465ee728b)  -> (artifact id: 'a0f3475f26254a6f5884839b176c02c9') in 0.005773 seconds
  Import took 0.008804 seconds .

========================================================================
Received Prepare
Registering precompiled user dll's ...
Registered in 0.001676 seconds.
Begin MonoManager ReloadAssembly
Native extension for WindowsStandalone target not found
Refreshing native plugins compatible for Editor in 0.40 ms, found 0 plugins.
Preloading 0 native plugins for Editor in 0.00 ms.
Invoked RoslynAnalysisRunner static constructor.
RoslynAnalysisRunner will not be running.
RoslynAnalysisRunner has terminated.
Mono: successfully reloaded assembly
- Completed reload, in  0.700 seconds
Platform modules already initialized, skipping
Refreshing native plugins compatible for Editor in 0.37 ms, found 0 plugins.
Preloading 0 native plugins for Editor in 0.00 ms.
Unloading 1356 Unused Serialized files (Serialized files now loaded: 0)
System memory in use before: 88.6 MB.
System memory in use after: 88.3 MB.

Unloading 12 unused Assets to reduce memory usage. Loaded Objects now: 1842.
Total: 2.062000 ms (FindLiveObjects: 0.216200 ms CreateObjectMapping: 0.036400 ms MarkObjects: 1.473300 ms  DeleteObjects: 0.335000 ms)

========================================================================
Received Prepare
Registering precompiled user dll's ...
Registered in 0.001878 seconds.
Begin MonoManager ReloadAssembly
Native extension for WindowsStandalone target not found
Refreshing native plugins compatible for Editor in 0.42 ms, found 0 plugins.
Preloading 0 native plugins for Editor in 0.00 ms.
Invoked RoslynAnalysisRunner static constructor.
RoslynAnalysisRunner will not be running.
RoslynAnalysisRunner has terminated.
Mono: successfully reloaded assembly
- Completed reload, in  0.638 seconds
Platform modules already initialized, skipping
Refreshing native plugins compatible for Editor in 0.36 ms, found 0 plugins.
Preloading 0 native plugins for Editor in 0.00 ms.
Unloading 1356 Unused Serialized files (Serialized files now loaded: 0)
System memory in use before: 88.6 MB.
System memory in use after: 88.3 MB.

Unloading 11 unused Assets to reduce memory usage. Loaded Objects now: 1844.
Total: 1.873300 ms (FindLiveObjects: 0.259800 ms CreateObjectMapping: 0.042100 ms MarkObjects: 1.264600 ms  DeleteObjects: 0.306000 ms)

========================================================================
Received Import Request.
  Time since last request: 47.299447 seconds.
  path: Assets/Prefab/PlayerUI.prefab
  artifactKey: Guid(f27a96f06298608459ae5a4d488485f4) Importer(815301076,1909f56bfc062723c751e8b465ee728b)
Start importing Assets/Prefab/PlayerUI.prefab using Guid(f27a96f06298608459ae5a4d488485f4) Importer(815301076,1909f56bfc062723c751e8b465ee728b)  -> (artifact id: '7a3156347293e70adb8cbe1469c9d512') in 0.025359 seconds
  Import took 0.027714 seconds .

========================================================================
Received Prepare
Registering precompiled user dll's ...
Registered in 0.001582 seconds.
Begin MonoManager ReloadAssembly
Native extension for WindowsStandalone target not found
Refreshing native plugins compatible for Editor in 0.36 ms, found 0 plugins.
Preloading 0 native plugins for Editor in 0.00 ms.
Invoked RoslynAnalysisRunner static constructor.
RoslynAnalysisRunner will not be running.
RoslynAnalysisRunner has terminated.
Mono: successfully reloaded assembly
- Completed reload, in  0.646 seconds
Platform modules already initialized, skipping
Refreshing native plugins compatible for Editor in 0.36 ms, found 0 plugins.
Preloading 0 native plugins for Editor in 0.00 ms.
Unloading 1356 Unused Serialized files (Serialized files now loaded: 0)
System memory in use before: 88.6 MB.
System memory in use after: 88.3 MB.

Unloading 12 unused Assets to reduce memory usage. Loaded Objects now: 1846.
Total: 1.771400 ms (FindLiveObjects: 0.175500 ms CreateObjectMapping: 0.029400 ms MarkObjects: 1.237900 ms  DeleteObjects: 0.327700 ms)

========================================================================
Received Prepare
Registering precompiled user dll's ...
Registered in 0.001597 seconds.
Begin MonoManager ReloadAssembly
Native extension for WindowsStandalone target not found
Refreshing native plugins compatible for Editor in 0.35 ms, found 0 plugins.
Preloading 0 native plugins for Editor in 0.00 ms.
Invoked RoslynAnalysisRunner static constructor.
RoslynAnalysisRunner will not be running.
RoslynAnalysisRunner has terminated.
Mono: successfully reloaded assembly
- Completed reload, in  0.636 seconds
Platform modules already initialized, skipping
Refreshing native plugins compatible for Editor in 0.35 ms, found 0 plugins.
Preloading 0 native plugins for Editor in 0.00 ms.
Unloading 1356 Unused Serialized files (Serialized files now loaded: 0)
System memory in use before: 88.6 MB.
System memory in use after: 88.3 MB.

Unloading 11 unused Assets to reduce memory usage. Loaded Objects now: 1848.
Total: 1.898900 ms (FindLiveObjects: 0.200600 ms CreateObjectMapping: 0.033600 ms MarkObjects: 1.296300 ms  DeleteObjects: 0.367500 ms)

========================================================================
Received Import Request.
  Time since last request: 947.043251 seconds.
  path: Assets/Prefab/PlayerUI.prefab
  artifactKey: Guid(f27a96f06298608459ae5a4d488485f4) Importer(815301076,1909f56bfc062723c751e8b465ee728b)
Start importing Assets/Prefab/PlayerUI.prefab using Guid(f27a96f06298608459ae5a4d488485f4) Importer(815301076,1909f56bfc062723c751e8b465ee728b)  -> (artifact id: '990ec4808eb129d31dbca4cfccb93256') in 0.024907 seconds
  Import took 0.027153 seconds .

========================================================================
Received Import Request.
  Time since last request: 27.600618 seconds.
  path: Assets/Prefab/PlayerUI.prefab
  artifactKey: Guid(f27a96f06298608459ae5a4d488485f4) Importer(815301076,1909f56bfc062723c751e8b465ee728b)
Start importing Assets/Prefab/PlayerUI.prefab using Guid(f27a96f06298608459ae5a4d488485f4) Importer(815301076,1909f56bfc062723c751e8b465ee728b)  -> (artifact id: '3b5eeacdf30eb74b498b59b00347100e') in 0.004019 seconds
  Import took 0.006798 seconds .

========================================================================
Received Import Request.
  Time since last request: 5.561130 seconds.
  path: Assets/Player 1 1.prefab
  artifactKey: Guid(cb3073c9969e92a46a400ec404bbe502) Importer(815301076,1909f56bfc062723c751e8b465ee728b)
Start importing Assets/Player 1 1.prefab using Guid(cb3073c9969e92a46a400ec404bbe502) Importer(815301076,1909f56bfc062723c751e8b465ee728b)  -> (artifact id: '942fe7cd9f5302217486f7270fd5dafe') in 0.158399 seconds
  Import took 0.162505 seconds .

========================================================================
Received Prepare
Registering precompiled user dll's ...
Registered in 0.001929 seconds.
Begin MonoManager ReloadAssembly
Native extension for WindowsStandalone target not found
Refreshing native plugins compatible for Editor in 0.34 ms, found 0 plugins.
Preloading 0 native plugins for Editor in 0.00 ms.
Invoked RoslynAnalysisRunner static constructor.
RoslynAnalysisRunner will not be running.
RoslynAnalysisRunner has terminated.
Mono: successfully reloaded assembly
- Completed reload, in  0.631 seconds
Platform modules already initialized, skipping
Refreshing native plugins compatible for Editor in 0.35 ms, found 0 plugins.
Preloading 0 native plugins for Editor in 0.00 ms.
Unloading 1356 Unused Serialized files (Serialized files now loaded: 0)
System memory in use before: 91.8 MB.
System memory in use after: 91.5 MB.

Unloading 13 unused Assets to reduce memory usage. Loaded Objects now: 1857.
Total: 2.019900 ms (FindLiveObjects: 0.177800 ms CreateObjectMapping: 0.029800 ms MarkObjects: 1.527400 ms  DeleteObjects: 0.284100 ms)

========================================================================
Received Import Request.
  Time since last request: 29.052254 seconds.
  path: Assets/Prefab/PlayerUI.prefab
  artifactKey: Guid(f27a96f06298608459ae5a4d488485f4) Importer(815301076,1909f56bfc062723c751e8b465ee728b)
Start importing Assets/Prefab/PlayerUI.prefab using Guid(f27a96f06298608459ae5a4d488485f4) Importer(815301076,1909f56bfc062723c751e8b465ee728b)  -> (artifact id: '21d86525750d987cf8d9636845c083c2') in 0.028151 seconds
  Import took 0.030453 seconds .

========================================================================
Received Prepare
Registering precompiled user dll's ...
Registered in 0.002463 seconds.
Begin MonoManager ReloadAssembly
Native extension for WindowsStandalone target not found
Refreshing native plugins compatible for Editor in 0.40 ms, found 0 plugins.
Preloading 0 native plugins for Editor in 0.00 ms.
Invoked RoslynAnalysisRunner static constructor.
RoslynAnalysisRunner will not be running.
RoslynAnalysisRunner has terminated.
Mono: successfully reloaded assembly
- Completed reload, in  0.649 seconds
Platform modules already initialized, skipping
Refreshing native plugins compatible for Editor in 0.36 ms, found 0 plugins.
Preloading 0 native plugins for Editor in 0.00 ms.
Unloading 1356 Unused Serialized files (Serialized files now loaded: 0)
System memory in use before: 91.8 MB.
System memory in use after: 91.5 MB.

Unloading 12 unused Assets to reduce memory usage. Loaded Objects now: 1859.
Total: 2.090200 ms (FindLiveObjects: 0.174200 ms CreateObjectMapping: 0.033500 ms MarkObjects: 1.575100 ms  DeleteObjects: 0.306200 ms)

========================================================================
Received Import Request.
  Time since last request: 14.618044 seconds.
  path: Assets/Prefab/PlayerUI.prefab
  artifactKey: Guid(f27a96f06298608459ae5a4d488485f4) Importer(815301076,1909f56bfc062723c751e8b465ee728b)
Start importing Assets/Prefab/PlayerUI.prefab using Guid(f27a96f06298608459ae5a4d488485f4) Importer(815301076,1909f56bfc062723c751e8b465ee728b)  -> (artifact id: '9b0a9d6dddfc9e27841dde3642ccf119') in 0.028488 seconds
  Import took 0.030785 seconds .

========================================================================
Received Prepare
Registering precompiled user dll's ...
Registered in 0.001610 seconds.
Begin MonoManager ReloadAssembly
Native extension for WindowsStandalone target not found
Refreshing native plugins compatible for Editor in 0.35 ms, found 0 plugins.
Preloading 0 native plugins for Editor in 0.00 ms.
Invoked RoslynAnalysisRunner static constructor.
RoslynAnalysisRunner will not be running.
RoslynAnalysisRunner has terminated.
Mono: successfully reloaded assembly
- Completed reload, in  0.654 seconds
Platform modules already initialized, skipping
Refreshing native plugins compatible for Editor in 0.35 ms, found 0 plugins.
Preloading 0 native plugins for Editor in 0.00 ms.
Unloading 1356 Unused Serialized files (Serialized files now loaded: 0)
System memory in use before: 91.8 MB.
System memory in use after: 91.5 MB.

Unloading 12 unused Assets to reduce memory usage. Loaded Objects now: 1861.
Total: 2.101800 ms (FindLiveObjects: 0.289800 ms CreateObjectMapping: 0.034000 ms MarkObjects: 1.390500 ms  DeleteObjects: 0.385900 ms)

========================================================================
Received Prepare
Registering precompiled user dll's ...
Registered in 0.001602 seconds.
Begin MonoManager ReloadAssembly
Native extension for WindowsStandalone target not found
Refreshing native plugins compatible for Editor in 0.35 ms, found 0 plugins.
Preloading 0 native plugins for Editor in 0.00 ms.
Invoked RoslynAnalysisRunner static constructor.
RoslynAnalysisRunner will not be running.
RoslynAnalysisRunner has terminated.
Mono: successfully reloaded assembly
- Completed reload, in  0.648 seconds
Platform modules already initialized, skipping
Refreshing native plugins compatible for Editor in 0.35 ms, found 0 plugins.
Preloading 0 native plugins for Editor in 0.00 ms.
Unloading 1356 Unused Serialized files (Serialized files now loaded: 0)
System memory in use before: 91.7 MB.
System memory in use after: 91.5 MB.

Unloading 11 unused Assets to reduce memory usage. Loaded Objects now: 1863.
Total: 2.342400 ms (FindLiveObjects: 0.254200 ms CreateObjectMapping: 0.034800 ms MarkObjects: 1.620700 ms  DeleteObjects: 0.431500 ms)

========================================================================
Received Prepare
Registering precompiled user dll's ...
Registered in 0.001654 seconds.
Begin MonoManager ReloadAssembly
Native extension for WindowsStandalone target not found
Refreshing native plugins compatible for Editor in 0.36 ms, found 0 plugins.
Preloading 0 native plugins for Editor in 0.00 ms.
Invoked RoslynAnalysisRunner static constructor.
RoslynAnalysisRunner will not be running.
RoslynAnalysisRunner has terminated.
Mono: successfully reloaded assembly
- Completed reload, in  0.700 seconds
Platform modules already initialized, skipping
Refreshing native plugins compatible for Editor in 0.35 ms, found 0 plugins.
Preloading 0 native plugins for Editor in 0.00 ms.
Unloading 1356 Unused Serialized files (Serialized files now loaded: 0)
System memory in use before: 91.7 MB.
System memory in use after: 91.5 MB.

Unloading 11 unused Assets to reduce memory usage. Loaded Objects now: 1865.
Total: 2.421900 ms (FindLiveObjects: 0.200300 ms CreateObjectMapping: 0.033400 ms MarkObjects: 1.796500 ms  DeleteObjects: 0.390300 ms)

========================================================================
Received Prepare
Registering precompiled user dll's ...
Registered in 0.001679 seconds.
Begin MonoManager ReloadAssembly
Native extension for WindowsStandalone target not found
Refreshing native plugins compatible for Editor in 0.35 ms, found 0 plugins.
Preloading 0 native plugins for Editor in 0.00 ms.
Invoked RoslynAnalysisRunner static constructor.
RoslynAnalysisRunner will not be running.
RoslynAnalysisRunner has terminated.
Mono: successfully reloaded assembly
- Completed reload, in  0.650 seconds
Platform modules already initialized, skipping
Refreshing native plugins compatible for Editor in 0.35 ms, found 0 plugins.
Preloading 0 native plugins for Editor in 0.00 ms.
Unloading 1356 Unused Serialized files (Serialized files now loaded: 0)
System memory in use before: 91.7 MB.
System memory in use after: 91.5 MB.

Unloading 11 unused Assets to reduce memory usage. Loaded Objects now: 1867.
Total: 1.853500 ms (FindLiveObjects: 0.200600 ms CreateObjectMapping: 0.033500 ms MarkObjects: 1.264100 ms  DeleteObjects: 0.354600 ms)

========================================================================
Received Import Request.
  Time since last request: 846.855893 seconds.
  path: Assets/Player 1 1.prefab
  artifactKey: Guid(cb3073c9969e92a46a400ec404bbe502) Importer(815301076,1909f56bfc062723c751e8b465ee728b)
Start importing Assets/Player 1 1.prefab using Guid(cb3073c9969e92a46a400ec404bbe502) Importer(815301076,1909f56bfc062723c751e8b465ee728b)  -> (artifact id: '73a32ac9a0fd1e7308d513cc3a91e0b7') in 0.092885 seconds
  Import took 0.097116 seconds .

========================================================================
Received Import Request.
  Time since last request: 10.200218 seconds.
  path: ProjectSettings/TagManager.asset
  artifactKey: Guid(00000000000000003000000000000000) Importer(815301076,1909f56bfc062723c751e8b465ee728b)
Start importing ProjectSettings/TagManager.asset using Guid(00000000000000003000000000000000) Importer(815301076,1909f56bfc062723c751e8b465ee728b)  -> (artifact id: 'fc874d4d093cbbbfb33f13c3760739fc') in 0.007517 seconds
  Import took 0.009942 seconds .

========================================================================
Received Import Request.
  Time since last request: 10.555344 seconds.
  path: ProjectSettings/TagManager.asset
  artifactKey: Guid(00000000000000003000000000000000) Importer(815301076,1909f56bfc062723c751e8b465ee728b)
Start importing ProjectSettings/TagManager.asset using Guid(00000000000000003000000000000000) Importer(815301076,1909f56bfc062723c751e8b465ee728b)  -> (artifact id: 'c6dd799494270cf5b0bd40edcb96288d') in 0.005639 seconds
  Import took 0.008972 seconds .

========================================================================
Received Import Request.
  Time since last request: 7.425133 seconds.
  path: Assets/Standard Assets/Prototyping/Materials/NavyGrid.mat
  artifactKey: Guid(76ff537c8e1a84345868e6aeee938ab3) Importer(815301076,1909f56bfc062723c751e8b465ee728b)
Start importing Assets/Standard Assets/Prototyping/Materials/NavyGrid.mat using Guid(76ff537c8e1a84345868e6aeee938ab3) Importer(815301076,1909f56bfc062723c751e8b465ee728b)  -> (artifact id: '1ea0ba1d81c87f3885043bd6a7704792') in 0.033503 seconds
  Import took 0.035829 seconds .

========================================================================
Received Import Request.
  Time since last request: 11.169803 seconds.
  path: Assets/Player 1 1.prefab
  artifactKey: Guid(cb3073c9969e92a46a400ec404bbe502) Importer(815301076,1909f56bfc062723c751e8b465ee728b)
Start importing Assets/Player 1 1.prefab using Guid(cb3073c9969e92a46a400ec404bbe502) Importer(815301076,1909f56bfc062723c751e8b465ee728b)  -> (artifact id: '4ab870e1122ca3cf972d32dd4b5a41f6') in 0.035632 seconds
  Import took 0.039841 seconds .

========================================================================
Received Prepare
Registering precompiled user dll's ...
Registered in 0.002161 seconds.
Begin MonoManager ReloadAssembly
Native extension for WindowsStandalone target not found
Refreshing native plugins compatible for Editor in 0.36 ms, found 0 plugins.
Preloading 0 native plugins for Editor in 0.00 ms.
Invoked RoslynAnalysisRunner static constructor.
RoslynAnalysisRunner will not be running.
RoslynAnalysisRunner has terminated.
Mono: successfully reloaded assembly
- Completed reload, in  0.640 seconds
Platform modules already initialized, skipping
Refreshing native plugins compatible for Editor in 0.35 ms, found 0 plugins.
Preloading 0 native plugins for Editor in 0.00 ms.
Unloading 1356 Unused Serialized files (Serialized files now loaded: 0)
System memory in use before: 92.1 MB.
System memory in use after: 91.8 MB.

Unloading 15 unused Assets to reduce memory usage. Loaded Objects now: 1903.
Total: 1.852200 ms (FindLiveObjects: 0.202500 ms CreateObjectMapping: 0.033100 ms MarkObjects: 1.230500 ms  DeleteObjects: 0.384800 ms)

========================================================================
Received Prepare
Registering precompiled user dll's ...
Registered in 0.001754 seconds.
Begin MonoManager ReloadAssembly
Native extension for WindowsStandalone target not found
Refreshing native plugins compatible for Editor in 0.35 ms, found 0 plugins.
Preloading 0 native plugins for Editor in 0.00 ms.
Invoked RoslynAnalysisRunner static constructor.
RoslynAnalysisRunner will not be running.
RoslynAnalysisRunner has terminated.
Mono: successfully reloaded assembly
- Completed reload, in  0.636 seconds
Platform modules already initialized, skipping
Refreshing native plugins compatible for Editor in 0.35 ms, found 0 plugins.
Preloading 0 native plugins for Editor in 0.00 ms.
Unloading 1356 Unused Serialized files (Serialized files now loaded: 0)
System memory in use before: 92.0 MB.
System memory in use after: 91.8 MB.

Unloading 11 unused Assets to reduce memory usage. Loaded Objects now: 1905.
Total: 1.903400 ms (FindLiveObjects: 0.197700 ms CreateObjectMapping: 0.032300 ms MarkObjects: 1.301700 ms  DeleteObjects: 0.370700 ms)

========================================================================
Received Import Request.
  Time since last request: 142.199219 seconds.
  path: Assets/Player 1 1.prefab
  artifactKey: Guid(cb3073c9969e92a46a400ec404bbe502) Importer(815301076,1909f56bfc062723c751e8b465ee728b)
Start importing Assets/Player 1 1.prefab using Guid(cb3073c9969e92a46a400ec404bbe502) Importer(815301076,1909f56bfc062723c751e8b465ee728b)  -> (artifact id: '824691d0320d11917e56de4513e6d6d4') in 0.097966 seconds
  Import took 0.102488 seconds .

========================================================================
Received Prepare
Registering precompiled user dll's ...
Registered in 0.002792 seconds.
Begin MonoManager ReloadAssembly
Native extension for WindowsStandalone target not found
Refreshing native plugins compatible for Editor in 0.35 ms, found 0 plugins.
Preloading 0 native plugins for Editor in 0.00 ms.
Invoked RoslynAnalysisRunner static constructor.
RoslynAnalysisRunner will not be running.
RoslynAnalysisRunner has terminated.
Mono: successfully reloaded assembly
- Completed reload, in  0.638 seconds
Platform modules already initialized, skipping
Refreshing native plugins compatible for Editor in 0.36 ms, found 0 plugins.
Preloading 0 native plugins for Editor in 0.00 ms.
Unloading 1356 Unused Serialized files (Serialized files now loaded: 0)
System memory in use before: 92.0 MB.
System memory in use after: 91.8 MB.

Unloading 13 unused Assets to reduce memory usage. Loaded Objects now: 1908.
Total: 1.810200 ms (FindLiveObjects: 0.175800 ms CreateObjectMapping: 0.030400 ms MarkObjects: 1.227700 ms  DeleteObjects: 0.375500 ms)

========================================================================
Received Prepare
Registering precompiled user dll's ...
Registered in 0.002139 seconds.
Begin MonoManager ReloadAssembly
Native extension for WindowsStandalone target not found
Refreshing native plugins compatible for Editor in 0.35 ms, found 0 plugins.
Preloading 0 native plugins for Editor in 0.00 ms.
Invoked RoslynAnalysisRunner static constructor.
RoslynAnalysisRunner will not be running.
RoslynAnalysisRunner has terminated.
Mono: successfully reloaded assembly
- Completed reload, in  0.640 seconds
Platform modules already initialized, skipping
Refreshing native plugins compatible for Editor in 0.35 ms, found 0 plugins.
Preloading 0 native plugins for Editor in 0.00 ms.
Unloading 1356 Unused Serialized files (Serialized files now loaded: 0)
System memory in use before: 92.1 MB.
System memory in use after: 91.8 MB.

Unloading 11 unused Assets to reduce memory usage. Loaded Objects now: 1910.
Total: 1.999500 ms (FindLiveObjects: 0.182500 ms CreateObjectMapping: 0.030600 ms MarkObjects: 1.367700 ms  DeleteObjects: 0.417900 ms)

========================================================================
Received Import Request.
  Time since last request: 161.003017 seconds.
  path: Assets/Player 1 1.prefab
  artifactKey: Guid(cb3073c9969e92a46a400ec404bbe502) Importer(815301076,1909f56bfc062723c751e8b465ee728b)
Start importing Assets/Player 1 1.prefab using Guid(cb3073c9969e92a46a400ec404bbe502) Importer(815301076,1909f56bfc062723c751e8b465ee728b)  -> (artifact id: 'a01dd473406291c12cfc84d7ca6db51a') in 0.082701 seconds
  Import took 0.086828 seconds .

========================================================================
Received Prepare
Registering precompiled user dll's ...
Registered in 0.001551 seconds.
Begin MonoManager ReloadAssembly
Native extension for WindowsStandalone target not found
Refreshing native plugins compatible for Editor in 0.35 ms, found 0 plugins.
Preloading 0 native plugins for Editor in 0.00 ms.
Invoked RoslynAnalysisRunner static constructor.
RoslynAnalysisRunner will not be running.
RoslynAnalysisRunner has terminated.
Mono: successfully reloaded assembly
- Completed reload, in  0.630 seconds
Platform modules already initialized, skipping
Refreshing native plugins compatible for Editor in 0.37 ms, found 0 plugins.
Preloading 0 native plugins for Editor in 0.00 ms.
Unloading 1356 Unused Serialized files (Serialized files now loaded: 0)
System memory in use before: 92.0 MB.
System memory in use after: 91.8 MB.

Unloading 13 unused Assets to reduce memory usage. Loaded Objects now: 1913.
Total: 1.849000 ms (FindLiveObjects: 0.175500 ms CreateObjectMapping: 0.030500 ms MarkObjects: 1.274400 ms  DeleteObjects: 0.367700 ms)

AssetImportWorkerClient::OnTransportError - code=2 error=End of file
